This is pdfTeX, Version 3.141592653-2.6-1.40.25 (TeX Live 2023/Debian) (preloaded format=pdflatex 2026.5.24)  24 MAY 2026 10:49
entering extended mode
 restricted \write18 enabled.
 %&-line parsing enabled.
**elementi-di-strategia-negli-scacchi-moderni-nuova-edizione.tex
(./elementi-di-strategia-negli-scacchi-moderni-nuova-edizione.tex
LaTeX2e <2023-11-01> patch level 1
L3 programming layer <2024-01-22>
(/usr/share/texlive/texmf-dist/tex/latex/base/article.cls
Document Class: article 2023/05/17 v1.4n Standard LaTeX document class
(/usr/share/texlive/texmf-dist/tex/latex/base/size10.clo
File: size10.clo 2023/05/17 v1.4n Standard LaTeX file (size option)
)
\c@part=\count187
\c@section=\count188
\c@subsection=\count189
\c@subsubsection=\count190
\c@paragraph=\count191
\c@subparagraph=\count192
\c@figure=\count193
\c@table=\count194
\abovecaptionskip=\skip48
\belowcaptionskip=\skip49
\bibindent=\dimen140
)
(/usr/share/texlive/texmf-dist/tex/latex/amsmath/amsmath.sty
Package: amsmath 2023/05/13 v2.17o AMS math features
\@mathmargin=\skip50

For additional information on amsmath, use the `?' option.
(/usr/share/texlive/texmf-dist/tex/latex/amsmath/amstext.sty
Package: amstext 2021/08/26 v2.01 AMS text

(/usr/share/texlive/texmf-dist/tex/latex/amsmath/amsgen.sty
File: amsgen.sty 1999/11/30 v2.0 generic functions
\@emptytoks=\toks17
\ex@=\dimen141
))
(/usr/share/texlive/texmf-dist/tex/latex/amsmath/amsbsy.sty
Package: amsbsy 1999/11/29 v1.2d Bold Symbols
\pmbraise@=\dimen142
)
(/usr/share/texlive/texmf-dist/tex/latex/amsmath/amsopn.sty
Package: amsopn 2022/04/08 v2.04 operator names
)
\inf@bad=\count195
LaTeX Info: Redefining \frac on input line 234.
\uproot@=\count196
\leftroot@=\count197
LaTeX Info: Redefining \overline on input line 399.
LaTeX Info: Redefining \colon on input line 410.
\classnum@=\count198
\DOTSCASE@=\count199
LaTeX Info: Redefining \ldots on input line 496.
LaTeX Info: Redefining \dots on input line 499.
LaTeX Info: Redefining \cdots on input line 620.
\Mathstrutbox@=\box51
\strutbox@=\box52
LaTeX Info: Redefining \big on input line 722.
LaTeX Info: Redefining \Big on input line 723.
LaTeX Info: Redefining \bigg on input line 724.
LaTeX Info: Redefining \Bigg on input line 725.
\big@size=\dimen143
LaTeX Font Info:    Redeclaring font encoding OML on input line 743.
LaTeX Font Info:    Redeclaring font encoding OMS on input line 744.
\macc@depth=\count266
LaTeX Info: Redefining \bmod on input line 905.
LaTeX Info: Redefining \pmod on input line 910.
LaTeX Info: Redefining \smash on input line 940.
LaTeX Info: Redefining \relbar on input line 970.
LaTeX Info: Redefining \Relbar on input line 971.
\c@MaxMatrixCols=\count267
\dotsspace@=\muskip16
\c@parentequation=\count268
\dspbrk@lvl=\count269
\tag@help=\toks18
\row@=\count270
\column@=\count271
\maxfields@=\count272
\andhelp@=\toks19
\eqnshift@=\dimen144
\alignsep@=\dimen145
\tagshift@=\dimen146
\tagwidth@=\dimen147
\totwidth@=\dimen148
\lineht@=\dimen149
\@envbody=\toks20
\multlinegap=\skip51
\multlinetaggap=\skip52
\mathdisplay@stack=\toks21
LaTeX Info: Redefining \[ on input line 2953.
LaTeX Info: Redefining \] on input line 2954.
)
(/usr/share/texlive/texmf-dist/tex/latex/amsfonts/amssymb.sty
Package: amssymb 2013/01/14 v3.01 AMS font symbols

(/usr/share/texlive/texmf-dist/tex/latex/amsfonts/amsfonts.sty
Package: amsfonts 2013/01/14 v3.01 Basic AMSFonts support
\symAMSa=\mathgroup4
\symAMSb=\mathgroup5
LaTeX Font Info:    Redeclaring math symbol \hbar on input line 98.
LaTeX Font Info:    Overwriting math alphabet `\mathfrak' in version `bold'
(Font)                  U/euf/m/n --> U/euf/b/n on input line 106.
))
(/usr/share/texlive/texmf-dist/tex/latex/psnfss/mathpazo.sty
Package: mathpazo 2020/03/25 PSNFSS-v9.3 Palatino w/ Pazo Math (D.Puga, WaS) 
\symupright=\mathgroup6
)
(/usr/share/texlive/texmf-dist/tex/latex/setspace/setspace.sty
Package: setspace 2022/12/04 v6.7b set line spacing
)
(/usr/share/texlive/texmf-dist/tex/generic/iftex/iftex.sty
Package: iftex 2022/02/03 v1.0f TeX engine tests
)
(/usr/share/texlive/texmf-dist/tex/latex/xskak/xskak.sty
Package: xskak 2019/06/23 version v1.5 extended chess typesetting and parsing

(/usr/share/texlive/texmf-dist/tex/latex/skak/skak.sty
Package: skak 2018/01/08 v1.5.3 Chess typesetting

(/usr/share/texlive/texmf-dist/tex/latex/chessfss/chessfss.sty
Package: chessfss 2006/06/14 v1.2a chess font selection scheme

(/usr/share/texlive/texmf-dist/tex/latex/base/ifthen.sty
Package: ifthen 2022/04/13 v1.1d Standard LaTeX ifthen package (DPC)
)
(/usr/share/texlive/texmf-dist/tex/latex/xkeyval/xkeyval.sty
Package: xkeyval 2022/06/16 v2.9 package option processing (HA)

(/usr/share/texlive/texmf-dist/tex/generic/xkeyval/xkeyval.tex
(/usr/share/texlive/texmf-dist/tex/generic/xkeyval/xkvutils.tex
\XKV@toks=\toks22
\XKV@tempa@toks=\toks23

(/usr/share/texlive/texmf-dist/tex/generic/xkeyval/keyval.tex))
\XKV@depth=\count273
File: xkeyval.tex 2014/12/03 v2.7a key=value parser (HA)
))
(/usr/share/texlive/texmf-dist/tex/latex/chessfss/lsbenc.def
File: lsbenc.def 2006/06/09 v1.2 Standard LaTeX file
Now handling font encoding LSB ...
... no UTF-8 mapping file for font encoding LSB
)
(/usr/share/texlive/texmf-dist/tex/latex/chessfss/lsfenc.def
File: lsfenc.def 2006/06/09 v1.2 Standard LaTeX file
Now handling font encoding LSF ...
... no UTF-8 mapping file for font encoding LSF
)
(/usr/share/texlive/texmf-dist/tex/latex/chessfss/lsienc.def
File: lsienc.def 2006/06/09 v1.2 Standard LaTeX file
Now handling font encoding LSI ...
... no UTF-8 mapping file for font encoding LSI
)
\len@cfss@squarewidth=\skip53
\len@cfss@squaretotalheight=\skip54
\len@cfss@squaredepth=\skip55
)
(/usr/share/texlive/texmf-dist/tex/plain/lambda-lists/lambda.sty)
(/usr/share/texlive/texmf-dist/tex/latex/tools/calc.sty
Package: calc 2023/07/08 v4.3 Infix arithmetic (KKT,FJ)
\calc@Acount=\count274
\calc@Bcount=\count275
\calc@Adimen=\dimen150
\calc@Bdimen=\dimen151
\calc@Askip=\skip56
\calc@Bskip=\skip57
LaTeX Info: Redefining \setlength on input line 80.
LaTeX Info: Redefining \addtolength on input line 81.
\calc@Ccount=\count276
\calc@Cskip=\skip58
)
(/usr/share/texlive/texmf-dist/tex/latex/base/textcomp.sty
Package: textcomp 2020/02/02 v2.0n Standard LaTeX package
)
\c@fileFrom=\count277
\c@rankFrom=\count278
\c@fileTo=\count279
\c@rankTo=\count280
\c@ps@inverse=\count281
\c@ps@knightangle=\count282
\c@halfmove=\count283
\c@move=\count284
\c@helpgobble=\count285
\c@helpnumber=\count286
\c@helpnumberMove=\count287
\squarelength=\skip59
\square@multiplier=\count288
\ranklift=\skip60
LaTeX Font Info:    Trying to load font information for LSB+skaknew on input li
ne 1774.

(/usr/share/texlive/texmf-dist/tex/latex/chessfss/lsbskaknew.fd
File: lsbskaknew.fd 2006/03/31 v1.0 Chess font definitions
)

LaTeX Font Warning: Font shape `OT1/cmss/m/up' undefined
(Font)              using `OT1/cmss/m/n' instead on input line 1774.

\store@toks=\toks24
) (/usr/share/texlive/texmf-dist/tex/latex/xifthen/xifthen.sty
Package: xifthen 2015/11/05 v1.4.0 Extended ifthen features

(/usr/share/texlive/texmf-dist/tex/latex/ifmtarg/ifmtarg.sty
Package: ifmtarg 2018/04/16 v1.2b check for an empty argument
))
(/usr/share/texlive/texmf-dist/tex/latex/etoolbox/etoolbox.sty
Package: etoolbox 2020/10/05 v2.5k e-TeX tools for LaTeX (JAW)
\etb@tempcnta=\count289
)
(/usr/share/texlive/texmf-dist/tex/latex/chessboard/chessboard.sty
Package: chessboard 2020/11/01 version v1.9 print chessboards

(/usr/share/texlive/texmf-dist/tex/generic/iftex/ifpdf.sty
Package: ifpdf 2019/10/25 v3.4 ifpdf legacy package. Use iftex instead.
)
(/usr/share/texlive/texmf-dist/tex/latex/pgf/frontendlayer/tikz.sty
(/usr/share/texlive/texmf-dist/tex/latex/pgf/basiclayer/pgf.sty
(/usr/share/texlive/texmf-dist/tex/latex/pgf/utilities/pgfrcs.sty
(/usr/share/texlive/texmf-dist/tex/generic/pgf/utilities/pgfutil-common.tex
\pgfutil@everybye=\toks25
\pgfutil@tempdima=\dimen152
\pgfutil@tempdimb=\dimen153
)
(/usr/share/texlive/texmf-dist/tex/generic/pgf/utilities/pgfutil-latex.def
\pgfutil@abb=\box53
)
(/usr/share/texlive/texmf-dist/tex/generic/pgf/utilities/pgfrcs.code.tex
(/usr/share/texlive/texmf-dist/tex/generic/pgf/pgf.revision.tex)
Package: pgfrcs 2023-01-15 v3.1.10 (3.1.10)
))
Package: pgf 2023-01-15 v3.1.10 (3.1.10)

(/usr/share/texlive/texmf-dist/tex/latex/pgf/basiclayer/pgfcore.sty
(/usr/share/texlive/texmf-dist/tex/latex/graphics/graphicx.sty
Package: graphicx 2021/09/16 v1.2d Enhanced LaTeX Graphics (DPC,SPQR)

(/usr/share/texlive/texmf-dist/tex/latex/graphics/graphics.sty
Package: graphics 2022/03/10 v1.4e Standard LaTeX Graphics (DPC,SPQR)

(/usr/share/texlive/texmf-dist/tex/latex/graphics/trig.sty
Package: trig 2021/08/11 v1.11 sin cos tan (DPC)
)
(/usr/share/texlive/texmf-dist/tex/latex/graphics-cfg/graphics.cfg
File: graphics.cfg 2016/06/04 v1.11 sample graphics configuration
)
Package graphics Info: Driver file: pdftex.def on input line 107.

(/usr/share/texlive/texmf-dist/tex/latex/graphics-def/pdftex.def
File: pdftex.def 2022/09/22 v1.2b Graphics/color driver for pdftex
))
\Gin@req@height=\dimen154
\Gin@req@width=\dimen155
)
(/usr/share/texlive/texmf-dist/tex/latex/pgf/systemlayer/pgfsys.sty
(/usr/share/texlive/texmf-dist/tex/generic/pgf/systemlayer/pgfsys.code.tex
Package: pgfsys 2023-01-15 v3.1.10 (3.1.10)

(/usr/share/texlive/texmf-dist/tex/generic/pgf/utilities/pgfkeys.code.tex
\pgfkeys@pathtoks=\toks26
\pgfkeys@temptoks=\toks27

(/usr/share/texlive/texmf-dist/tex/generic/pgf/utilities/pgfkeyslibraryfiltered
.code.tex
\pgfkeys@tmptoks=\toks28
))
\pgf@x=\dimen156
\pgf@y=\dimen157
\pgf@xa=\dimen158
\pgf@ya=\dimen159
\pgf@xb=\dimen160
\pgf@yb=\dimen161
\pgf@xc=\dimen162
\pgf@yc=\dimen163
\pgf@xd=\dimen164
\pgf@yd=\dimen165
\w@pgf@writea=\write3
\r@pgf@reada=\read2
\c@pgf@counta=\count290
\c@pgf@countb=\count291
\c@pgf@countc=\count292
\c@pgf@countd=\count293
\t@pgf@toka=\toks29
\t@pgf@tokb=\toks30
\t@pgf@tokc=\toks31
\pgf@sys@id@count=\count294
 (/usr/share/texlive/texmf-dist/tex/generic/pgf/systemlayer/pgf.cfg
File: pgf.cfg 2023-01-15 v3.1.10 (3.1.10)
)
Driver file for pgf: pgfsys-pdftex.def
(/usr/share/texlive/texmf-dist/tex/generic/pgf/systemlayer/pgfsys-pdftex.def
File: pgfsys-pdftex.def 2023-01-15 v3.1.10 (3.1.10)

(/usr/share/texlive/texmf-dist/tex/generic/pgf/systemlayer/pgfsys-common-pdf.de
f
File: pgfsys-common-pdf.def 2023-01-15 v3.1.10 (3.1.10)
)))
(/usr/share/texlive/texmf-dist/tex/generic/pgf/systemlayer/pgfsyssoftpath.code.
tex
File: pgfsyssoftpath.code.tex 2023-01-15 v3.1.10 (3.1.10)
\pgfsyssoftpath@smallbuffer@items=\count295
\pgfsyssoftpath@bigbuffer@items=\count296
)
(/usr/share/texlive/texmf-dist/tex/generic/pgf/systemlayer/pgfsysprotocol.code.
tex
File: pgfsysprotocol.code.tex 2023-01-15 v3.1.10 (3.1.10)
)) (/usr/share/texlive/texmf-dist/tex/latex/xcolor/xcolor.sty
Package: xcolor 2023/11/15 v3.01 LaTeX color extensions (UK)

(/usr/share/texlive/texmf-dist/tex/latex/graphics-cfg/color.cfg
File: color.cfg 2016/01/02 v1.6 sample color configuration
)
Package xcolor Info: Driver file: pdftex.def on input line 274.

(/usr/share/texlive/texmf-dist/tex/latex/graphics/mathcolor.ltx)
Package xcolor Info: Model `cmy' substituted by `cmy0' on input line 1350.
Package xcolor Info: Model `hsb' substituted by `rgb' on input line 1354.
Package xcolor Info: Model `RGB' extended on input line 1366.
Package xcolor Info: Model `HTML' substituted by `rgb' on input line 1368.
Package xcolor Info: Model `Hsb' substituted by `hsb' on input line 1369.
Package xcolor Info: Model `tHsb' substituted by `hsb' on input line 1370.
Package xcolor Info: Model `HSB' substituted by `hsb' on input line 1371.
Package xcolor Info: Model `Gray' substituted by `gray' on input line 1372.
Package xcolor Info: Model `wave' substituted by `hsb' on input line 1373.
)
(/usr/share/texlive/texmf-dist/tex/generic/pgf/basiclayer/pgfcore.code.tex
Package: pgfcore 2023-01-15 v3.1.10 (3.1.10)

(/usr/share/texlive/texmf-dist/tex/generic/pgf/math/pgfmath.code.tex
(/usr/share/texlive/texmf-dist/tex/generic/pgf/math/pgfmathutil.code.tex)
(/usr/share/texlive/texmf-dist/tex/generic/pgf/math/pgfmathparser.code.tex
\pgfmath@dimen=\dimen166
\pgfmath@count=\count297
\pgfmath@box=\box54
\pgfmath@toks=\toks32
\pgfmath@stack@operand=\toks33
\pgfmath@stack@operation=\toks34
)
(/usr/share/texlive/texmf-dist/tex/generic/pgf/math/pgfmathfunctions.code.tex)
(/usr/share/texlive/texmf-dist/tex/generic/pgf/math/pgfmathfunctions.basic.code
.tex)
(/usr/share/texlive/texmf-dist/tex/generic/pgf/math/pgfmathfunctions.trigonomet
ric.code.tex)
(/usr/share/texlive/texmf-dist/tex/generic/pgf/math/pgfmathfunctions.random.cod
e.tex)
(/usr/share/texlive/texmf-dist/tex/generic/pgf/math/pgfmathfunctions.comparison
.code.tex)
(/usr/share/texlive/texmf-dist/tex/generic/pgf/math/pgfmathfunctions.base.code.
tex)
(/usr/share/texlive/texmf-dist/tex/generic/pgf/math/pgfmathfunctions.round.code
.tex)
(/usr/share/texlive/texmf-dist/tex/generic/pgf/math/pgfmathfunctions.misc.code.
tex)
(/usr/share/texlive/texmf-dist/tex/generic/pgf/math/pgfmathfunctions.integerari
thmetics.code.tex)
(/usr/share/texlive/texmf-dist/tex/generic/pgf/math/pgfmathcalc.code.tex)
(/usr/share/texlive/texmf-dist/tex/generic/pgf/math/pgfmathfloat.code.tex
\c@pgfmathroundto@lastzeros=\count298
))
(/usr/share/texlive/texmf-dist/tex/generic/pgf/math/pgfint.code.tex)
(/usr/share/texlive/texmf-dist/tex/generic/pgf/basiclayer/pgfcorepoints.code.te
x
File: pgfcorepoints.code.tex 2023-01-15 v3.1.10 (3.1.10)
\pgf@picminx=\dimen167
\pgf@picmaxx=\dimen168
\pgf@picminy=\dimen169
\pgf@picmaxy=\dimen170
\pgf@pathminx=\dimen171
\pgf@pathmaxx=\dimen172
\pgf@pathminy=\dimen173
\pgf@pathmaxy=\dimen174
\pgf@xx=\dimen175
\pgf@xy=\dimen176
\pgf@yx=\dimen177
\pgf@yy=\dimen178
\pgf@zx=\dimen179
\pgf@zy=\dimen180
)
(/usr/share/texlive/texmf-dist/tex/generic/pgf/basiclayer/pgfcorepathconstruct.
code.tex
File: pgfcorepathconstruct.code.tex 2023-01-15 v3.1.10 (3.1.10)
\pgf@path@lastx=\dimen181
\pgf@path@lasty=\dimen182
)
(/usr/share/texlive/texmf-dist/tex/generic/pgf/basiclayer/pgfcorepathusage.code
.tex
File: pgfcorepathusage.code.tex 2023-01-15 v3.1.10 (3.1.10)
\pgf@shorten@end@additional=\dimen183
\pgf@shorten@start@additional=\dimen184
)
(/usr/share/texlive/texmf-dist/tex/generic/pgf/basiclayer/pgfcorescopes.code.te
x
File: pgfcorescopes.code.tex 2023-01-15 v3.1.10 (3.1.10)
\pgfpic=\box55
\pgf@hbox=\box56
\pgf@layerbox@main=\box57
\pgf@picture@serial@count=\count299
)
(/usr/share/texlive/texmf-dist/tex/generic/pgf/basiclayer/pgfcoregraphicstate.c
ode.tex
File: pgfcoregraphicstate.code.tex 2023-01-15 v3.1.10 (3.1.10)
\pgflinewidth=\dimen185
)
(/usr/share/texlive/texmf-dist/tex/generic/pgf/basiclayer/pgfcoretransformation
s.code.tex
File: pgfcoretransformations.code.tex 2023-01-15 v3.1.10 (3.1.10)
\pgf@pt@x=\dimen186
\pgf@pt@y=\dimen187
\pgf@pt@temp=\dimen188
)
(/usr/share/texlive/texmf-dist/tex/generic/pgf/basiclayer/pgfcorequick.code.tex
File: pgfcorequick.code.tex 2023-01-15 v3.1.10 (3.1.10)
)
(/usr/share/texlive/texmf-dist/tex/generic/pgf/basiclayer/pgfcoreobjects.code.t
ex
File: pgfcoreobjects.code.tex 2023-01-15 v3.1.10 (3.1.10)
)
(/usr/share/texlive/texmf-dist/tex/generic/pgf/basiclayer/pgfcorepathprocessing
.code.tex
File: pgfcorepathprocessing.code.tex 2023-01-15 v3.1.10 (3.1.10)
)
(/usr/share/texlive/texmf-dist/tex/generic/pgf/basiclayer/pgfcorearrows.code.te
x
File: pgfcorearrows.code.tex 2023-01-15 v3.1.10 (3.1.10)
\pgfarrowsep=\dimen189
)
(/usr/share/texlive/texmf-dist/tex/generic/pgf/basiclayer/pgfcoreshade.code.tex
File: pgfcoreshade.code.tex 2023-01-15 v3.1.10 (3.1.10)
\pgf@max=\dimen190
\pgf@sys@shading@range@num=\count300
\pgf@shadingcount=\count301
)
(/usr/share/texlive/texmf-dist/tex/generic/pgf/basiclayer/pgfcoreimage.code.tex
File: pgfcoreimage.code.tex 2023-01-15 v3.1.10 (3.1.10)
)
(/usr/share/texlive/texmf-dist/tex/generic/pgf/basiclayer/pgfcoreexternal.code.
tex
File: pgfcoreexternal.code.tex 2023-01-15 v3.1.10 (3.1.10)
\pgfexternal@startupbox=\box58
)
(/usr/share/texlive/texmf-dist/tex/generic/pgf/basiclayer/pgfcorelayers.code.te
x
File: pgfcorelayers.code.tex 2023-01-15 v3.1.10 (3.1.10)
)
(/usr/share/texlive/texmf-dist/tex/generic/pgf/basiclayer/pgfcoretransparency.c
ode.tex
File: pgfcoretransparency.code.tex 2023-01-15 v3.1.10 (3.1.10)
)
(/usr/share/texlive/texmf-dist/tex/generic/pgf/basiclayer/pgfcorepatterns.code.
tex
File: pgfcorepatterns.code.tex 2023-01-15 v3.1.10 (3.1.10)
)
(/usr/share/texlive/texmf-dist/tex/generic/pgf/basiclayer/pgfcorerdf.code.tex
File: pgfcorerdf.code.tex 2023-01-15 v3.1.10 (3.1.10)
)))
(/usr/share/texlive/texmf-dist/tex/generic/pgf/modules/pgfmoduleshapes.code.tex
File: pgfmoduleshapes.code.tex 2023-01-15 v3.1.10 (3.1.10)
\pgfnodeparttextbox=\box59
) (/usr/share/texlive/texmf-dist/tex/generic/pgf/modules/pgfmoduleplot.code.tex
File: pgfmoduleplot.code.tex 2023-01-15 v3.1.10 (3.1.10)
)
(/usr/share/texlive/texmf-dist/tex/latex/pgf/compatibility/pgfcomp-version-0-65
.sty
Package: pgfcomp-version-0-65 2023-01-15 v3.1.10 (3.1.10)
\pgf@nodesepstart=\dimen191
\pgf@nodesepend=\dimen192
)
(/usr/share/texlive/texmf-dist/tex/latex/pgf/compatibility/pgfcomp-version-1-18
.sty
Package: pgfcomp-version-1-18 2023-01-15 v3.1.10 (3.1.10)
)) (/usr/share/texlive/texmf-dist/tex/latex/pgf/utilities/pgffor.sty
(/usr/share/texlive/texmf-dist/tex/latex/pgf/utilities/pgfkeys.sty
(/usr/share/texlive/texmf-dist/tex/generic/pgf/utilities/pgfkeys.code.tex))
(/usr/share/texlive/texmf-dist/tex/latex/pgf/math/pgfmath.sty
(/usr/share/texlive/texmf-dist/tex/generic/pgf/math/pgfmath.code.tex))
(/usr/share/texlive/texmf-dist/tex/generic/pgf/utilities/pgffor.code.tex
Package: pgffor 2023-01-15 v3.1.10 (3.1.10)
\pgffor@iter=\dimen193
\pgffor@skip=\dimen194
\pgffor@stack=\toks35
\pgffor@toks=\toks36
))
(/usr/share/texlive/texmf-dist/tex/generic/pgf/frontendlayer/tikz/tikz.code.tex
Package: tikz 2023-01-15 v3.1.10 (3.1.10)

(/usr/share/texlive/texmf-dist/tex/generic/pgf/libraries/pgflibraryplothandlers
.code.tex
File: pgflibraryplothandlers.code.tex 2023-01-15 v3.1.10 (3.1.10)
\pgf@plot@mark@count=\count302
\pgfplotmarksize=\dimen195
)
\tikz@lastx=\dimen196
\tikz@lasty=\dimen197
\tikz@lastxsaved=\dimen198
\tikz@lastysaved=\dimen199
\tikz@lastmovetox=\dimen256
\tikz@lastmovetoy=\dimen257
\tikzleveldistance=\dimen258
\tikzsiblingdistance=\dimen259
\tikz@figbox=\box60
\tikz@figbox@bg=\box61
\tikz@tempbox=\box62
\tikz@tempbox@bg=\box63
\tikztreelevel=\count303
\tikznumberofchildren=\count304
\tikznumberofcurrentchild=\count305
\tikz@fig@count=\count306

(/usr/share/texlive/texmf-dist/tex/generic/pgf/modules/pgfmodulematrix.code.tex
File: pgfmodulematrix.code.tex 2023-01-15 v3.1.10 (3.1.10)
\pgfmatrixcurrentrow=\count307
\pgfmatrixcurrentcolumn=\count308
\pgf@matrix@numberofcolumns=\count309
)
\tikz@expandcount=\count310

(/usr/share/texlive/texmf-dist/tex/generic/pgf/frontendlayer/tikz/libraries/tik
zlibrarytopaths.code.tex
File: tikzlibrarytopaths.code.tex 2023-01-15 v3.1.10 (3.1.10)
)))
\len@board@tempx=\skip61
\len@board@tempy=\skip62
\c@cnt@board@file=\count311
\c@cnt@board@rank=\count312
\c@cnt@board=\count313
\c@filelabel=\count314
\c@ranklabel=\count315

(/usr/share/texlive/texmf-dist/tex/latex/chessboard/chessboard-keys-main.sty
File: chessboard-keys-main.sty 2020/11/01 version v1.9 key definitions for ches
sboard.sty
)
(/usr/share/texlive/texmf-dist/tex/latex/chessboard/chessboard-keys-pgf.sty
File: chessboard-keys-pgf.sty 2020/11/01 version v1.9 key definitions for chess
board.sty
)
(/usr/share/texlive/texmf-dist/tex/latex/chessboard/chessboard-pgf.sty
File: chessboard-pgf.sty 2020/11/01 version v1.9 pgf code for chessboard.sty
))
(/usr/share/texlive/texmf-dist/tex/latex/xskak/xskak-keys.sty
File: xskak-keys.sty 2019/06/23 version v1.5 key definitions for xskak.sty
)
(/usr/share/texlive/texmf-dist/tex/latex/xskak/xskak-nagdef.sty
File: xskak-nagdef.sty 2019/06/23 version v1.5 nag definitions for xskak.sty
)
LaTeX Info: Redefining \variation on input line 1473.
)
(/usr/share/texlive/texmf-dist/tex/latex/base/fontenc.sty
Package: fontenc 2021/04/29 v2.0v Standard LaTeX package
LaTeX Font Info:    Trying to load font information for T1+ppl on input line 11
2.

(/usr/share/texlive/texmf-dist/tex/latex/psnfss/t1ppl.fd
File: t1ppl.fd 2001/06/04 font definitions for T1/ppl.
))
(/usr/share/texlive/texmf-dist/tex/latex/base/inputenc.sty
Package: inputenc 2021/02/14 v1.3d Input encoding file
\inpenc@prehook=\toks37
\inpenc@posthook=\toks38
)
   defining Unicode char U+00A4 (decimal 164)
   defining Unicode char U+00A5 (decimal 165)
   defining Unicode char U+00A3 (decimal 163)
   defining Unicode char U+00A6 (decimal 166)
   defining Unicode char U+00A2 (decimal 162)

(/usr/share/texlive/texmf-dist/tex/latex/upquote/upquote.sty
Package: upquote 2012/04/19 v1.3 upright-quote and grave-accent glyphs in verba
tim
)
(/usr/share/texlive/texmf-dist/tex/latex/microtype/microtype.sty
Package: microtype 2023/03/13 v3.1a Micro-typographical refinements (RS)
\MT@toks=\toks39
\MT@tempbox=\box64
\MT@count=\count316
LaTeX Info: Redefining \noprotrusionifhmode on input line 1059.
LaTeX Info: Redefining \leftprotrusion on input line 1060.
\MT@prot@toks=\toks40
LaTeX Info: Redefining \rightprotrusion on input line 1078.
LaTeX Info: Redefining \textls on input line 1368.
\MT@outer@kern=\dimen260
LaTeX Info: Redefining \textmicrotypecontext on input line 1988.
\MT@listname@count=\count317

(/usr/share/texlive/texmf-dist/tex/latex/microtype/microtype-pdftex.def
File: microtype-pdftex.def 2023/03/13 v3.1a Definitions specific to pdftex (RS)

LaTeX Info: Redefining \lsstyle on input line 902.
LaTeX Info: Redefining \lslig on input line 902.
\MT@outer@space=\skip63
)
Package microtype Info: Loading configuration file microtype.cfg.

(/usr/share/texlive/texmf-dist/tex/latex/microtype/microtype.cfg
File: microtype.cfg 2023/03/13 v3.1a microtype main configuration file (RS)
))
(/usr/share/texlive/texmf-dist/tex/latex/parskip/parskip.sty
Package: parskip 2021-03-14 v2.0h non-zero parskip adjustments

(/usr/share/texlive/texmf-dist/tex/latex/kvoptions/kvoptions.sty
Package: kvoptions 2022-06-15 v3.15 Key value format for package options (HO)

(/usr/share/texlive/texmf-dist/tex/generic/ltxcmds/ltxcmds.sty
Package: ltxcmds 2023-12-04 v1.26 LaTeX kernel commands for general use (HO)
)
(/usr/share/texlive/texmf-dist/tex/latex/kvsetkeys/kvsetkeys.sty
Package: kvsetkeys 2022-10-05 v1.19 Key value parser (HO)
)))
(/usr/share/texlive/texmf-dist/tex/latex/xurl/xurl.sty
Package: xurl 2022/01/09 v 0.10 modify URL breaks

(/usr/share/texlive/texmf-dist/tex/latex/url/url.sty
\Urlmuskip=\muskip17
Package: url 2013/09/16  ver 3.4  Verb mode for urls, etc.
))
(/usr/share/texlive/texmf-dist/tex/latex/bookmark/bookmark.sty
Package: bookmark 2023-12-10 v1.31 PDF bookmarks (HO)

(/usr/share/texlive/texmf-dist/tex/latex/hyperref/hyperref.sty
Package: hyperref 2024-01-20 v7.01h Hypertext links for LaTeX

(/usr/share/texlive/texmf-dist/tex/generic/kvdefinekeys/kvdefinekeys.sty
Package: kvdefinekeys 2019-12-19 v1.6 Define keys (HO)
)
(/usr/share/texlive/texmf-dist/tex/generic/pdfescape/pdfescape.sty
Package: pdfescape 2019/12/09 v1.15 Implements pdfTeX's escape features (HO)

(/usr/share/texlive/texmf-dist/tex/generic/pdftexcmds/pdftexcmds.sty
Package: pdftexcmds 2020-06-27 v0.33 Utility functions of pdfTeX for LuaTeX (HO
)

(/usr/share/texlive/texmf-dist/tex/generic/infwarerr/infwarerr.sty
Package: infwarerr 2019/12/03 v1.5 Providing info/warning/error messages (HO)
)
Package pdftexcmds Info: \pdf@primitive is available.
Package pdftexcmds Info: \pdf@ifprimitive is available.
Package pdftexcmds Info: \pdfdraftmode found.
))
(/usr/share/texlive/texmf-dist/tex/latex/hycolor/hycolor.sty
Package: hycolor 2020-01-27 v1.10 Color options for hyperref/bookmark (HO)
)
(/usr/share/texlive/texmf-dist/tex/latex/auxhook/auxhook.sty
Package: auxhook 2019-12-17 v1.6 Hooks for auxiliary files (HO)
)
(/usr/share/texlive/texmf-dist/tex/latex/hyperref/nameref.sty
Package: nameref 2023-11-26 v2.56 Cross-referencing by name of section

(/usr/share/texlive/texmf-dist/tex/latex/refcount/refcount.sty
Package: refcount 2019/12/15 v3.6 Data extraction from label references (HO)
)
(/usr/share/texlive/texmf-dist/tex/generic/gettitlestring/gettitlestring.sty
Package: gettitlestring 2019/12/15 v1.6 Cleanup title references (HO)
)
\c@section@level=\count318
)
\@linkdim=\dimen261
\Hy@linkcounter=\count319
\Hy@pagecounter=\count320

(/usr/share/texlive/texmf-dist/tex/latex/hyperref/pd1enc.def
File: pd1enc.def 2024-01-20 v7.01h Hyperref: PDFDocEncoding definition (HO)
Now handling font encoding PD1 ...
... no UTF-8 mapping file for font encoding PD1
)
(/usr/share/texlive/texmf-dist/tex/generic/intcalc/intcalc.sty
Package: intcalc 2019/12/15 v1.3 Expandable calculations with integers (HO)
)
\Hy@SavedSpaceFactor=\count321

(/usr/share/texlive/texmf-dist/tex/latex/hyperref/puenc.def
File: puenc.def 2024-01-20 v7.01h Hyperref: PDF Unicode definition (HO)
Now handling font encoding PU ...
... no UTF-8 mapping file for font encoding PU
)
Package hyperref Info: Option `unicode' set `true' on input line 4062.
Package hyperref Info: Hyper figures OFF on input line 4179.
Package hyperref Info: Link nesting OFF on input line 4184.
Package hyperref Info: Hyper index ON on input line 4187.
Package hyperref Info: Plain pages OFF on input line 4194.
Package hyperref Info: Backreferencing OFF on input line 4199.
Package hyperref Info: Implicit mode ON; LaTeX internals redefined.
Package hyperref Info: Bookmarks ON on input line 4446.
\c@Hy@tempcnt=\count322
LaTeX Info: Redefining \url on input line 4784.
\XeTeXLinkMargin=\dimen262

(/usr/share/texlive/texmf-dist/tex/generic/bitset/bitset.sty
Package: bitset 2019/12/09 v1.3 Handle bit-vector datatype (HO)

(/usr/share/texlive/texmf-dist/tex/generic/bigintcalc/bigintcalc.sty
Package: bigintcalc 2019/12/15 v1.5 Expandable calculations on big integers (HO
)
))
\Fld@menulength=\count323
\Field@Width=\dimen263
\Fld@charsize=\dimen264
Package hyperref Info: Hyper figures OFF on input line 6063.
Package hyperref Info: Link nesting OFF on input line 6068.
Package hyperref Info: Hyper index ON on input line 6071.
Package hyperref Info: backreferencing OFF on input line 6078.
Package hyperref Info: Link coloring OFF on input line 6083.
Package hyperref Info: Link coloring with OCG OFF on input line 6088.
Package hyperref Info: PDF/A mode OFF on input line 6093.

(/usr/share/texlive/texmf-dist/tex/latex/base/atbegshi-ltx.sty
Package: atbegshi-ltx 2021/01/10 v1.0c Emulation of the original atbegshi
package with kernel methods
)
\Hy@abspage=\count324
\c@Item=\count325
\c@Hfootnote=\count326
)
Package hyperref Info: Driver (autodetected): hpdftex.

(/usr/share/texlive/texmf-dist/tex/latex/hyperref/hpdftex.def
File: hpdftex.def 2024-01-20 v7.01h Hyperref driver for pdfTeX

(/usr/share/texlive/texmf-dist/tex/latex/base/atveryend-ltx.sty
Package: atveryend-ltx 2020/08/19 v1.0a Emulation of the original atveryend pac
kage
with kernel methods
)
\Fld@listcount=\count327
\c@bookmark@seq@number=\count328

(/usr/share/texlive/texmf-dist/tex/latex/rerunfilecheck/rerunfilecheck.sty
Package: rerunfilecheck 2022-07-10 v1.10 Rerun checks for auxiliary files (HO)

(/usr/share/texlive/texmf-dist/tex/generic/uniquecounter/uniquecounter.sty
Package: uniquecounter 2019/12/15 v1.4 Provide unlimited unique counter (HO)
)
Package uniquecounter Info: New unique counter `rerunfilecheck' on input line 2
85.
)
\Hy@SectionHShift=\skip64
)
(/usr/share/texlive/texmf-dist/tex/latex/bookmark/bkm-pdftex.def
File: bkm-pdftex.def 2023-12-10 v1.31 bookmark driver for pdfTeX and luaTeX (HO
)
\BKM@id=\count329
))
(/usr/share/texlive/texmf-dist/tex/latex/tools/longtable.sty
Package: longtable 2023-11-01 v4.19 Multi-page Table package (DPC)
\LTleft=\skip65
\LTright=\skip66
\LTpre=\skip67
\LTpost=\skip68
\LTchunksize=\count330
\LTcapwidth=\dimen265
\LT@head=\box65
\LT@firsthead=\box66
\LT@foot=\box67
\LT@lastfoot=\box68
\LT@gbox=\box69
\LT@cols=\count331
\LT@rows=\count332
\c@LT@tables=\count333
\c@LT@chunks=\count334
\LT@p@ftn=\toks41
)
(/usr/share/texlive/texmf-dist/tex/latex/booktabs/booktabs.sty
Package: booktabs 2020/01/12 v1.61803398 Publication quality tables
\heavyrulewidth=\dimen266
\lightrulewidth=\dimen267
\cmidrulewidth=\dimen268
\belowrulesep=\dimen269
\belowbottomsep=\dimen270
\aboverulesep=\dimen271
\abovetopsep=\dimen272
\cmidrulesep=\dimen273
\cmidrulekern=\dimen274
\defaultaddspace=\dimen275
\@cmidla=\count335
\@cmidlb=\count336
\@aboverulesep=\dimen276
\@belowrulesep=\dimen277
\@thisruleclass=\count337
\@lastruleclass=\count338
\@thisrulewidth=\dimen278
)
(/usr/share/texlive/texmf-dist/tex/latex/tools/array.sty
Package: array 2023/10/16 v2.5g Tabular extension package (FMi)
\col@sep=\dimen279
\ar@mcellbox=\box70
\extrarowheight=\dimen280
\NC@list=\toks42
\extratabsurround=\skip69
\backup@length=\skip70
\ar@cellbox=\box71
)
(/usr/share/texlive/texmf-dist/tex/latex/footnotehyper/footnotehyper.sty
Package: footnotehyper 2021/08/13 v1.1e hyperref aware footnote.sty (JFB)
\FNH@notes=\box72
\FNH@width=\dimen281
\FNH@toks=\toks43
)
(../dist/../src/diagrams/rendering.tex)
(/usr/share/texlive/texmf-dist/tex/latex/l3backend/l3backend-pdftex.def
File: l3backend-pdftex.def 2024-01-04 L3 backend support: PDF output (pdfTeX)
\l__color_backend_stack_int=\count339
\l__pdf_internal_box=\box73
)
(../dist/elementi-di-strategia-negli-scacchi-moderni-nuova-edizione.aux)
\openout1 = `elementi-di-strategia-negli-scacchi-moderni-nuova-edizione.aux'.

LaTeX Font Info:    Checking defaults for OML/cmm/m/it on input line 88.
LaTeX Font Info:    ... okay on input line 88.
LaTeX Font Info:    Checking defaults for OMS/cmsy/m/n on input line 88.
LaTeX Font Info:    ... okay on input line 88.
LaTeX Font Info:    Checking defaults for OT1/cmr/m/n on input line 88.
LaTeX Font Info:    ... okay on input line 88.
LaTeX Font Info:    Checking defaults for T1/cmr/m/n on input line 88.
LaTeX Font Info:    ... okay on input line 88.
LaTeX Font Info:    Checking defaults for TS1/cmr/m/n on input line 88.
LaTeX Font Info:    ... okay on input line 88.
LaTeX Font Info:    Checking defaults for OMX/cmex/m/n on input line 88.
LaTeX Font Info:    ... okay on input line 88.
LaTeX Font Info:    Checking defaults for U/cmr/m/n on input line 88.
LaTeX Font Info:    ... okay on input line 88.
LaTeX Font Info:    Checking defaults for LSB/skaknew/m/n on input line 88.
LaTeX Font Info:    ... okay on input line 88.
LaTeX Font Info:    Checking defaults for LSF/skaknew/m/n on input line 88.
LaTeX Font Info:    Trying to load font information for LSF+skaknew on input li
ne 88.

(/usr/share/texlive/texmf-dist/tex/latex/chessfss/lsfskaknew.fd
File: lsfskaknew.fd 2006/03/31 v1.0 Chess font definitions
)
LaTeX Font Info:    ... okay on input line 88.
LaTeX Font Info:    Checking defaults for LSI/skaknew/m/n on input line 88.
LaTeX Font Info:    Trying to load font information for LSI+skaknew on input li
ne 88.

(/usr/share/texlive/texmf-dist/tex/latex/chessfss/lsiskaknew.fd
File: lsiskaknew.fd 2006/03/31 v1.0 Chess font definitions
)
LaTeX Font Info:    ... okay on input line 88.
LaTeX Font Info:    Checking defaults for PD1/pdf/m/n on input line 88.
LaTeX Font Info:    ... okay on input line 88.
LaTeX Font Info:    Checking defaults for PU/pdf/m/n on input line 88.
LaTeX Font Info:    ... okay on input line 88.

(/usr/share/texlive/texmf-dist/tex/context/base/mkii/supp-pdf.mkii
[Loading MPS to PDF converter (version 2006.09.02).]
\scratchcounter=\count340
\scratchdimen=\dimen282
\scratchbox=\box74
\nofMPsegments=\count341
\nofMParguments=\count342
\everyMPshowfont=\toks44
\MPscratchCnt=\count343
\MPscratchDim=\dimen283
\MPnumerator=\count344
\makeMPintoPDFobject=\count345
\everyMPtoPDFconversion=\toks45
) (/usr/share/texlive/texmf-dist/tex/latex/epstopdf-pkg/epstopdf-base.sty
Package: epstopdf-base 2020-01-24 v2.11 Base part for package epstopdf
Package epstopdf-base Info: Redefining graphics rule for `.eps' on input line 4
85.

(/usr/share/texlive/texmf-dist/tex/latex/latexconfig/epstopdf-sys.cfg
File: epstopdf-sys.cfg 2010/07/13 v1.3 Configuration of (r)epstopdf for TeX Liv
e
))
LaTeX Info: Redefining \microtypecontext on input line 88.
Package microtype Info: Applying patch `item' on input line 88.
Package microtype Info: Applying patch `toc' on input line 88.
Package microtype Info: Applying patch `eqnum' on input line 88.
Package microtype Info: Applying patch `footnote' on input line 88.
Package microtype Info: Applying patch `verbatim' on input line 88.
Package microtype Info: Generating PDF output.
Package microtype Info: Character protrusion enabled (level 2).
Package microtype Info: Using protrusion set `basicmath'.
Package microtype Info: Automatic font expansion enabled (level 2),
(microtype)             stretch: 20, shrink: 20, step: 1, non-selected.
Package microtype Info: Using default expansion set `alltext-nott'.
LaTeX Info: Redefining \showhyphens on input line 88.
Package microtype Info: No adjustment of tracking.
Package microtype Info: No adjustment of interword spacing.
Package microtype Info: No adjustment of character kerning.

(/usr/share/texlive/texmf-dist/tex/latex/microtype/mt-ppl.cfg
File: mt-ppl.cfg 2005/11/16 v1.6 microtype config. file: Palatino (RS)
)
Package hyperref Info: Link coloring OFF on input line 88.

(../dist/../src/frontmatter/title-and-introduction.tex [1

{/var/lib/texmf/fonts/map/pdftex/updmap/pdftex.map}{/usr/share/texlive/texmf-di
st/fonts/enc/dvips/base/8r.enc}])
(../dist/../src/chapters/01-sviluppo-dei-pezzi-e-perdita-di-tempi.tex [2]
<../src/assets/diagrams/image1.png, id=19, 321.2pt x 321.2pt>
File: ../src/assets/diagrams/image1.png Graphic file (type png)
<use ../src/assets/diagrams/image1.png>
Package pdftex.def Info: ../src/assets/diagrams/image1.png  used on input line 
40.
(pdftex.def)             Requested size: 102.62436pt x 102.62436pt.
<../src/assets/diagrams/image2.png, id=20, 321.2pt x 321.2pt>
File: ../src/assets/diagrams/image2.png Graphic file (type png)
<use ../src/assets/diagrams/image2.png>
Package pdftex.def Info: ../src/assets/diagrams/image2.png  used on input line 
45.
(pdftex.def)             Requested size: 102.62436pt x 102.62436pt.


LaTeX Font Warning: Font shape `LSF/skaknew/m/it' undefined
(Font)              using `LSF/skaknew/m/n' instead on input line 71.

<../src/assets/diagrams/image3.png, id=21, 321.2pt x 321.2pt>
File: ../src/assets/diagrams/image3.png Graphic file (type png)
<use ../src/assets/diagrams/image3.png>
Package pdftex.def Info: ../src/assets/diagrams/image3.png  used on input line 
81.
(pdftex.def)             Requested size: 102.62436pt x 102.62436pt.
[3 <../dist/../src/assets/diagrams/image1.png (PNG copy)> <../dist/../src/asset
s/diagrams/image2.png (PNG copy)>]
<../src/assets/diagrams/image4.png, id=28, 321.2pt x 321.2pt>
File: ../src/assets/diagrams/image4.png Graphic file (type png)
<use ../src/assets/diagrams/image4.png>
Package pdftex.def Info: ../src/assets/diagrams/image4.png  used on input line 
116.
(pdftex.def)             Requested size: 102.62436pt x 102.62436pt.
 [4 <../dist/../src/assets/diagrams/image3.png (PNG copy)> <../dist/../src/asse
ts/diagrams/image4.png (PNG copy)>] [5]
<../src/assets/diagrams/image5.png, id=37, 321.2pt x 321.2pt>
File: ../src/assets/diagrams/image5.png Graphic file (type png)
<use ../src/assets/diagrams/image5.png>
Package pdftex.def Info: ../src/assets/diagrams/image5.png  used on input line 
207.
(pdftex.def)             Requested size: 102.62436pt x 102.62436pt.
)
(../dist/../src/chapters/02-un-metodo-per-avvantaggiarsi-in-apertura-il-gambett
o.tex [6 <../dist/../src/assets/diagrams/image5.png (PNG copy)>]
<../src/assets/diagrams/image6.png, id=45, 385.44pt x 385.44pt>
File: ../src/assets/diagrams/image6.png Graphic file (type png)
<use ../src/assets/diagrams/image6.png>
Package pdftex.def Info: ../src/assets/diagrams/image6.png  used on input line 
23.
(pdftex.def)             Requested size: 102.62338pt x 102.62338pt.
<../src/assets/diagrams/image7.png, id=46, 385.44pt x 385.44pt>
File: ../src/assets/diagrams/image7.png Graphic file (type png)
<use ../src/assets/diagrams/image7.png>
Package pdftex.def Info: ../src/assets/diagrams/image7.png  used on input line 
40.
(pdftex.def)             Requested size: 102.62338pt x 102.62338pt.
 [7 <../dist/../src/assets/diagrams/image6.png (PNG copy)> <../dist/../src/asse
ts/diagrams/image7.png (PNG copy)>]
<../src/assets/diagrams/image8.png, id=52, 385.44pt x 385.44pt>
File: ../src/assets/diagrams/image8.png Graphic file (type png)
<use ../src/assets/diagrams/image8.png>
Package pdftex.def Info: ../src/assets/diagrams/image8.png  used on input line 
84.
(pdftex.def)             Requested size: 102.62338pt x 102.62338pt.
<../src/assets/diagrams/image9.png, id=53, 385.44pt x 385.44pt>
File: ../src/assets/diagrams/image9.png Graphic file (type png)
<use ../src/assets/diagrams/image9.png>
Package pdftex.def Info: ../src/assets/diagrams/image9.png  used on input line 
99.
(pdftex.def)             Requested size: 102.62338pt x 102.62338pt.

Underfull \hbox (badness 1132) in paragraph at lines 109--112
[]\T1/ppl/b/n/10 (+20) 4... \LSF/skaknew/b/n/10 N\T1/ppl/b/n/10 (+20) xb2 5.\LS
F/skaknew/b/n/10 B\T1/ppl/b/n/10 (+20) xb2 d5! \T1/ppl/m/n/10 (+20) l'idea del 
Nero, con
 []

[8 <../dist/../src/assets/diagrams/image8.png (PNG copy)> <../dist/../src/asset
s/diagrams/image9.png (PNG copy)>]
<../src/assets/diagrams/image10.png, id=58, 385.44pt x 385.44pt>
File: ../src/assets/diagrams/image10.png Graphic file (type png)
<use ../src/assets/diagrams/image10.png>
Package pdftex.def Info: ../src/assets/diagrams/image10.png  used on input line
 118.
(pdftex.def)             Requested size: 102.62338pt x 102.62338pt.
<../src/assets/diagrams/image11.png, id=59, 385.44pt x 385.44pt>
File: ../src/assets/diagrams/image11.png Graphic file (type png)
<use ../src/assets/diagrams/image11.png>
Package pdftex.def Info: ../src/assets/diagrams/image11.png  used on input line
 126.
(pdftex.def)             Requested size: 102.62338pt x 102.62338pt.
<../src/assets/diagrams/image12.png, id=60, 385.44pt x 385.44pt>
File: ../src/assets/diagrams/image12.png Graphic file (type png)
<use ../src/assets/diagrams/image12.png>
Package pdftex.def Info: ../src/assets/diagrams/image12.png  used on input line
 140.
(pdftex.def)             Requested size: 102.62338pt x 102.62338pt.
<../src/assets/diagrams/image13.png, id=61, 385.44pt x 385.44pt>
File: ../src/assets/diagrams/image13.png Graphic file (type png)
<use ../src/assets/diagrams/image13.png>
Package pdftex.def Info: ../src/assets/diagrams/image13.png  used on input line
 155.
(pdftex.def)             Requested size: 102.62338pt x 102.62338pt.
 [9 <../dist/../src/assets/diagrams/image10.png (PNG copy)> <../dist/../src/ass
ets/diagrams/image11.png (PNG copy)> <../dist/../src/assets/diagrams/image12.pn
g (PNG copy)> <../dist/../src/assets/diagrams/image13.png (PNG copy)>]
<../src/assets/diagrams/image14.png, id=66, 385.44pt x 385.44pt>
File: ../src/assets/diagrams/image14.png Graphic file (type png)
<use ../src/assets/diagrams/image14.png>
Package pdftex.def Info: ../src/assets/diagrams/image14.png  used on input line
 176.
(pdftex.def)             Requested size: 102.62338pt x 102.62338pt.
<../src/assets/diagrams/image15.png, id=67, 385.44pt x 385.44pt>
File: ../src/assets/diagrams/image15.png Graphic file (type png)
<use ../src/assets/diagrams/image15.png>
Package pdftex.def Info: ../src/assets/diagrams/image15.png  used on input line
 194.
(pdftex.def)             Requested size: 102.62338pt x 102.62338pt.
<../src/assets/diagrams/image16.png, id=68, 385.44pt x 385.44pt>
File: ../src/assets/diagrams/image16.png Graphic file (type png)
<use ../src/assets/diagrams/image16.png>
Package pdftex.def Info: ../src/assets/diagrams/image16.png  used on input line
 210.
(pdftex.def)             Requested size: 102.62338pt x 102.62338pt.

Underfull \vbox (badness 10000) has occurred while \output is active []

 [10 <../dist/../src/assets/diagrams/image14.png (PNG copy)> <../dist/../src/as
sets/diagrams/image15.png (PNG copy)>]
<../src/assets/diagrams/image17.png, id=73, 385.44pt x 385.44pt>
File: ../src/assets/diagrams/image17.png Graphic file (type png)
<use ../src/assets/diagrams/image17.png>
Package pdftex.def Info: ../src/assets/diagrams/image17.png  used on input line
 220.
(pdftex.def)             Requested size: 102.62338pt x 102.62338pt.
<../src/assets/diagrams/image18.png, id=74, 385.44pt x 385.44pt>
File: ../src/assets/diagrams/image18.png Graphic file (type png)
<use ../src/assets/diagrams/image18.png>
Package pdftex.def Info: ../src/assets/diagrams/image18.png  used on input line
 242.
(pdftex.def)             Requested size: 102.62338pt x 102.62338pt.
 [11 <../dist/../src/assets/diagrams/image16.png (PNG copy)> <../dist/../src/as
sets/diagrams/image17.png (PNG copy)> <../dist/../src/assets/diagrams/image18.p
ng (PNG copy)>]
Underfull \hbox (badness 1052) in paragraph at lines 288--291
\T1/ppl/m/n/10 (+20) molto dif-fi-cile da trovare. Il Bianco sac-ri-fica
 []

<../src/assets/diagrams/image19.png, id=79, 385.44pt x 385.44pt>
File: ../src/assets/diagrams/image19.png Graphic file (type png)
<use ../src/assets/diagrams/image19.png>
Package pdftex.def Info: ../src/assets/diagrams/image19.png  used on input line
 299.
(pdftex.def)             Requested size: 102.62338pt x 102.62338pt.
[12 <../dist/../src/assets/diagrams/image19.png (PNG copy)>]
<../src/assets/diagrams/image20.png, id=84, 385.44pt x 385.44pt>
File: ../src/assets/diagrams/image20.png Graphic file (type png)
<use ../src/assets/diagrams/image20.png>
Package pdftex.def Info: ../src/assets/diagrams/image20.png  used on input line
 355.
(pdftex.def)             Requested size: 102.62338pt x 102.62338pt.
)
(../dist/../src/chapters/03-la-struttura-dei-pedoni.tex [13 <../dist/../src/ass
ets/diagrams/image20.png (PNG copy)>]
Underfull \vbox (badness 1377) has occurred while \output is active []

<../src/assets/diagrams/image21.png, id=90, 384.43625pt x 385.44pt>
File: ../src/assets/diagrams/image21.png Graphic file (type png)
<use ../src/assets/diagrams/image21.png>
Package pdftex.def Info: ../src/assets/diagrams/image21.png  used on input line
 51.
(pdftex.def)             Requested size: 102.35612pt x 102.62338pt.
<../src/assets/diagrams/image22.png, id=91, 385.44pt x 385.44pt>
File: ../src/assets/diagrams/image22.png Graphic file (type png)
<use ../src/assets/diagrams/image22.png>
Package pdftex.def Info: ../src/assets/diagrams/image22.png  used on input line
 55.
(pdftex.def)             Requested size: 102.62338pt x 102.62338pt.
 [14 <../dist/../src/assets/diagrams/image21.png> <../dist/../src/assets/diagra
ms/image22.png>]
<../src/assets/diagrams/image23.png, id=98, 385.44pt x 385.44pt>
File: ../src/assets/diagrams/image23.png Graphic file (type png)
<use ../src/assets/diagrams/image23.png>
Package pdftex.def Info: ../src/assets/diagrams/image23.png  used on input line
 106.
(pdftex.def)             Requested size: 102.62338pt x 102.62338pt.
 [15 <../dist/../src/assets/diagrams/image23.png (PNG copy)>]
<../src/assets/diagrams/image24.png, id=103, 385.44pt x 385.44pt>
File: ../src/assets/diagrams/image24.png Graphic file (type png)
<use ../src/assets/diagrams/image24.png>
Package pdftex.def Info: ../src/assets/diagrams/image24.png  used on input line
 160.
(pdftex.def)             Requested size: 102.62338pt x 102.62338pt.
 [16 <../dist/../src/assets/diagrams/image24.png (PNG copy)>]
<../src/assets/diagrams/image25.png, id=108, 385.44pt x 385.44pt>
File: ../src/assets/diagrams/image25.png Graphic file (type png)
<use ../src/assets/diagrams/image25.png>
Package pdftex.def Info: ../src/assets/diagrams/image25.png  used on input line
 198.
(pdftex.def)             Requested size: 102.62338pt x 102.62338pt.

Underfull \hbox (badness 6268) in paragraph at lines 226--229
[]\T1/ppl/m/n/10 (+20) La for-mazione di un pe-done iso-lato muta
 []

[17 <../dist/../src/assets/diagrams/image25.png>]
<../src/assets/diagrams/image26.png, id=114, 385.44pt x 385.44pt>
File: ../src/assets/diagrams/image26.png Graphic file (type png)
<use ../src/assets/diagrams/image26.png>
Package pdftex.def Info: ../src/assets/diagrams/image26.png  used on input line
 267.
(pdftex.def)             Requested size: 102.62338pt x 102.62338pt.

Underfull \vbox (badness 4366) has occurred while \output is active []

<../src/assets/diagrams/image27.png, id=115, 385.44pt x 385.44pt>
File: ../src/assets/diagrams/image27.png Graphic file (type png)
<use ../src/assets/diagrams/image27.png>
Package pdftex.def Info: ../src/assets/diagrams/image27.png  used on input line
 281.
(pdftex.def)             Requested size: 102.62338pt x 102.62338pt.
 [18 <../dist/../src/assets/diagrams/image26.png (PNG copy)> <../dist/../src/as
sets/diagrams/image27.png (PNG copy)>]
<../src/assets/diagrams/image28.png, id=120, 385.44pt x 385.44pt>
File: ../src/assets/diagrams/image28.png Graphic file (type png)
<use ../src/assets/diagrams/image28.png>
Package pdftex.def Info: ../src/assets/diagrams/image28.png  used on input line
 298.
(pdftex.def)             Requested size: 102.62338pt x 102.62338pt.
<../src/assets/diagrams/image29.png, id=121, 385.44pt x 385.44pt>
File: ../src/assets/diagrams/image29.png Graphic file (type png)
<use ../src/assets/diagrams/image29.png>
Package pdftex.def Info: ../src/assets/diagrams/image29.png  used on input line
 306.
(pdftex.def)             Requested size: 102.62338pt x 102.62338pt.

Underfull \vbox (badness 1377) has occurred while \output is active []

 [19 <../dist/../src/assets/diagrams/image28.png> <../dist/../src/assets/diagra
ms/image29.png (PNG copy)>]
<../src/assets/diagrams/image30.png, id=128, 385.44pt x 385.44pt>
File: ../src/assets/diagrams/image30.png Graphic file (type png)
<use ../src/assets/diagrams/image30.png>
Package pdftex.def Info: ../src/assets/diagrams/image30.png  used on input line
 394.
(pdftex.def)             Requested size: 102.62338pt x 102.62338pt.
 [20 <../dist/../src/assets/diagrams/image30.png (PNG copy)>]
<../src/assets/diagrams/image31.png, id=133, 385.44pt x 385.44pt>
File: ../src/assets/diagrams/image31.png Graphic file (type png)
<use ../src/assets/diagrams/image31.png>
Package pdftex.def Info: ../src/assets/diagrams/image31.png  used on input line
 424.
(pdftex.def)             Requested size: 102.62338pt x 102.62338pt.

Underfull \vbox (badness 10000) has occurred while \output is active []

<../src/assets/diagrams/image32.png, id=134, 385.44pt x 385.44pt>
File: ../src/assets/diagrams/image32.png Graphic file (type png)
<use ../src/assets/diagrams/image32.png>
Package pdftex.def Info: ../src/assets/diagrams/image32.png  used on input line
 450.
(pdftex.def)             Requested size: 102.62338pt x 102.62338pt.

Underfull \vbox (badness 3826) has occurred while \output is active []

 [21 <../dist/../src/assets/diagrams/image31.png (PNG copy)>]
<../src/assets/diagrams/image33.png, id=139, 385.44pt x 385.44pt>
File: ../src/assets/diagrams/image33.png Graphic file (type png)
<use ../src/assets/diagrams/image33.png>
Package pdftex.def Info: ../src/assets/diagrams/image33.png  used on input line
 467.
(pdftex.def)             Requested size: 102.62338pt x 102.62338pt.
<../src/assets/diagrams/image34.png, id=140, 385.44pt x 385.44pt>
File: ../src/assets/diagrams/image34.png Graphic file (type png)
<use ../src/assets/diagrams/image34.png>
Package pdftex.def Info: ../src/assets/diagrams/image34.png  used on input line
 479.
(pdftex.def)             Requested size: 102.62338pt x 102.62338pt.
<../src/assets/diagrams/image35.png, id=141, 385.44pt x 385.44pt>
File: ../src/assets/diagrams/image35.png Graphic file (type png)
<use ../src/assets/diagrams/image35.png>
Package pdftex.def Info: ../src/assets/diagrams/image35.png  used on input line
 491.
(pdftex.def)             Requested size: 102.62338pt x 102.62338pt.
 [22 <../dist/../src/assets/diagrams/image32.png> <../dist/../src/assets/diagra
ms/image33.png (PNG copy)> <../dist/../src/assets/diagrams/image34.png (PNG cop
y)> <../dist/../src/assets/diagrams/image35.png (PNG copy)>]
<../src/assets/diagrams/image36.png, id=147, 385.44pt x 385.44pt>
File: ../src/assets/diagrams/image36.png Graphic file (type png)
<use ../src/assets/diagrams/image36.png>
Package pdftex.def Info: ../src/assets/diagrams/image36.png  used on input line
 500.
(pdftex.def)             Requested size: 102.62338pt x 102.62338pt.
 [23 <../dist/../src/assets/diagrams/image36.png (PNG copy)>]
Underfull \hbox (badness 4543) in paragraph at lines 553--558
[]\T1/ppl/b/n/10 (+20) 4... \LSF/skaknew/b/n/10 B\T1/ppl/b/n/10 (+20) xc3+ 5.bx
c3 c5 6.e3 \LSF/skaknew/b/n/10 N\T1/ppl/b/n/10 (+20) c6 7.\LSF/skaknew/b/n/10 B
\T1/ppl/b/n/10 (+20) d3 b6
 []


Underfull \hbox (badness 1038) in paragraph at lines 562--564
[]\T1/ppl/b/n/10 (+20) 11.e5! \T1/ppl/m/n/10 (+20) in con-sid-er-azione che non
 č pos-si-bile
 []

<../src/assets/diagrams/image37.png, id=152, 385.44pt x 385.44pt>
File: ../src/assets/diagrams/image37.png Graphic file (type png)
<use ../src/assets/diagrams/image37.png>
Package pdftex.def Info: ../src/assets/diagrams/image37.png  used on input line
 580.
(pdftex.def)             Requested size: 102.62338pt x 102.62338pt.

Underfull \vbox (badness 10000) has occurred while \output is active []

<../src/assets/diagrams/image38.png, id=153, 385.44pt x 385.44pt>
File: ../src/assets/diagrams/image38.png Graphic file (type png)
<use ../src/assets/diagrams/image38.png>
Package pdftex.def Info: ../src/assets/diagrams/image38.png  used on input line
 600.
(pdftex.def)             Requested size: 102.62338pt x 102.62338pt.
 [24 <../dist/../src/assets/diagrams/image37.png (PNG copy)> <../dist/../src/as
sets/diagrams/image38.png>]
Underfull \hbox (badness 2753) in paragraph at lines 610--611
[]\T1/ppl/m/n/10 (+20) Sokolsky--Botvinnik, Leningrado 1938 \T1/ppl/b/n/10 (+20
) (Difesa
 []

<../src/assets/diagrams/image39.png, id=160, 385.44pt x 385.44pt>
File: ../src/assets/diagrams/image39.png Graphic file (type png)
<use ../src/assets/diagrams/image39.png>
Package pdftex.def Info: ../src/assets/diagrams/image39.png  used on input line
 628.
(pdftex.def)             Requested size: 102.62338pt x 102.62338pt.
<../src/assets/diagrams/image40.png, id=161, 385.44pt x 385.44pt>
File: ../src/assets/diagrams/image40.png Graphic file (type png)
<use ../src/assets/diagrams/image40.png>
Package pdftex.def Info: ../src/assets/diagrams/image40.png  used on input line
 637.
(pdftex.def)             Requested size: 102.62338pt x 102.62338pt.
[25 <../dist/../src/assets/diagrams/image39.png (PNG copy)> <../dist/../src/ass
ets/diagrams/image40.png (PNG copy)>]
<../src/assets/diagrams/image41.png, id=167, 385.44pt x 385.44pt>
File: ../src/assets/diagrams/image41.png Graphic file (type png)
<use ../src/assets/diagrams/image41.png>
Package pdftex.def Info: ../src/assets/diagrams/image41.png  used on input line
 676.
(pdftex.def)             Requested size: 102.62338pt x 102.62338pt.
<../src/assets/diagrams/image42.png, id=168, 385.44pt x 385.44pt>
File: ../src/assets/diagrams/image42.png Graphic file (type png)
<use ../src/assets/diagrams/image42.png>
Package pdftex.def Info: ../src/assets/diagrams/image42.png  used on input line
 694.
(pdftex.def)             Requested size: 102.62338pt x 102.62338pt.
<../src/assets/diagrams/image43.png, id=169, 385.44pt x 385.44pt>
File: ../src/assets/diagrams/image43.png Graphic file (type png)
<use ../src/assets/diagrams/image43.png>
Package pdftex.def Info: ../src/assets/diagrams/image43.png  used on input line
 702.
(pdftex.def)             Requested size: 102.62338pt x 102.62338pt.

Underfull \vbox (badness 10000) has occurred while \output is active []

 [26 <../dist/../src/assets/diagrams/image41.png> <../dist/../src/assets/diagra
ms/image42.png (PNG copy)>]
<../src/assets/diagrams/image44.png, id=175, 385.44pt x 385.44pt>
File: ../src/assets/diagrams/image44.png Graphic file (type png)
<use ../src/assets/diagrams/image44.png>
Package pdftex.def Info: ../src/assets/diagrams/image44.png  used on input line
 707.
(pdftex.def)             Requested size: 102.62338pt x 102.62338pt.
<../src/assets/diagrams/image45.png, id=176, 385.44pt x 385.44pt>
File: ../src/assets/diagrams/image45.png Graphic file (type png)
<use ../src/assets/diagrams/image45.png>
Package pdftex.def Info: ../src/assets/diagrams/image45.png  used on input line
 712.
(pdftex.def)             Requested size: 102.62338pt x 102.62338pt.
<../src/assets/diagrams/image46.png, id=177, 385.44pt x 385.44pt>
File: ../src/assets/diagrams/image46.png Graphic file (type png)
<use ../src/assets/diagrams/image46.png>
Package pdftex.def Info: ../src/assets/diagrams/image46.png  used on input line
 719.
(pdftex.def)             Requested size: 102.62338pt x 102.62338pt.

Underfull \hbox (badness 2343) in paragraph at lines 721--724
[]\T1/ppl/m/n/10 (+20) Data la sem-plic-itŕ, e lin-ear-itŕ di es-e-cuzione,
 []

[27 <../dist/../src/assets/diagrams/image43.png (PNG copy)> <../dist/../src/ass
ets/diagrams/image44.png (PNG copy)> <../dist/../src/assets/diagrams/image45.pn
g (PNG copy)> <../dist/../src/assets/diagrams/image46.png (PNG copy)>]
<../src/assets/diagrams/image47.png, id=182, 385.44pt x 385.44pt>
File: ../src/assets/diagrams/image47.png Graphic file (type png)
<use ../src/assets/diagrams/image47.png>
Package pdftex.def Info: ../src/assets/diagrams/image47.png  used on input line
 754.
(pdftex.def)             Requested size: 102.62338pt x 102.62338pt.
<../src/assets/diagrams/image48.png, id=183, 385.44pt x 385.44pt>
File: ../src/assets/diagrams/image48.png Graphic file (type png)
<use ../src/assets/diagrams/image48.png>
Package pdftex.def Info: ../src/assets/diagrams/image48.png  used on input line
 767.
(pdftex.def)             Requested size: 102.62338pt x 102.62338pt.
<../src/assets/diagrams/image49.png, id=184, 385.44pt x 385.44pt>
File: ../src/assets/diagrams/image49.png Graphic file (type png)
<use ../src/assets/diagrams/image49.png>
Package pdftex.def Info: ../src/assets/diagrams/image49.png  used on input line
 789.
(pdftex.def)             Requested size: 102.62338pt x 102.62338pt.
 [28 <../dist/../src/assets/diagrams/image47.png (PNG copy)> <../dist/../src/as
sets/diagrams/image48.png (PNG copy)> <../dist/../src/assets/diagrams/image49.p
ng (PNG copy)>]
<../src/assets/diagrams/image50.png, id=189, 385.44pt x 385.44pt>
File: ../src/assets/diagrams/image50.png Graphic file (type png)
<use ../src/assets/diagrams/image50.png>
Package pdftex.def Info: ../src/assets/diagrams/image50.png  used on input line
 799.
(pdftex.def)             Requested size: 102.62338pt x 102.62338pt.
<../src/assets/diagrams/image51.png, id=190, 385.44pt x 385.44pt>
File: ../src/assets/diagrams/image51.png Graphic file (type png)
<use ../src/assets/diagrams/image51.png>
Package pdftex.def Info: ../src/assets/diagrams/image51.png  used on input line
 842.
(pdftex.def)             Requested size: 102.62338pt x 102.62338pt.
 [29 <../dist/../src/assets/diagrams/image50.png (PNG copy)> <../dist/../src/as
sets/diagrams/image51.png (PNG copy)>]
<../src/assets/diagrams/image52.png, id=195, 385.44pt x 385.44pt>
File: ../src/assets/diagrams/image52.png Graphic file (type png)
<use ../src/assets/diagrams/image52.png>
Package pdftex.def Info: ../src/assets/diagrams/image52.png  used on input line
 876.
(pdftex.def)             Requested size: 102.62338pt x 102.62338pt.
 [30 <../dist/../src/assets/diagrams/image52.png (PNG copy)>]
<../src/assets/diagrams/image53.png, id=200, 385.44pt x 385.44pt>
File: ../src/assets/diagrams/image53.png Graphic file (type png)
<use ../src/assets/diagrams/image53.png>
Package pdftex.def Info: ../src/assets/diagrams/image53.png  used on input line
 903.
(pdftex.def)             Requested size: 102.62338pt x 102.62338pt.
<../src/assets/diagrams/image54.png, id=201, 385.44pt x 385.44pt>
File: ../src/assets/diagrams/image54.png Graphic file (type png)
<use ../src/assets/diagrams/image54.png>
Package pdftex.def Info: ../src/assets/diagrams/image54.png  used on input line
 921.
(pdftex.def)             Requested size: 102.62338pt x 102.62338pt.
 [31 <../dist/../src/assets/diagrams/image53.png (PNG copy)> <../dist/../src/as
sets/diagrams/image54.png (PNG copy)>]
<../src/assets/diagrams/image55.png, id=207, 385.44pt x 385.44pt>
File: ../src/assets/diagrams/image55.png Graphic file (type png)
<use ../src/assets/diagrams/image55.png>
Package pdftex.def Info: ../src/assets/diagrams/image55.png  used on input line
 958.
(pdftex.def)             Requested size: 102.62338pt x 102.62338pt.
<../src/assets/diagrams/image56.png, id=208, 385.44pt x 385.44pt>
File: ../src/assets/diagrams/image56.png Graphic file (type png)
<use ../src/assets/diagrams/image56.png>
Package pdftex.def Info: ../src/assets/diagrams/image56.png  used on input line
 983.
(pdftex.def)             Requested size: 102.62338pt x 102.62338pt.
LaTeX Font Info:    Trying to load font information for OT1+ppl on input line 9
93.

(/usr/share/texlive/texmf-dist/tex/latex/psnfss/ot1ppl.fd
File: ot1ppl.fd 2001/06/04 font definitions for OT1/ppl.
)
LaTeX Font Info:    Trying to load font information for OML+zplm on input line 
993.

(/usr/share/texlive/texmf-dist/tex/latex/psnfss/omlzplm.fd
File: omlzplm.fd 2002/09/08 Fontinst v1.914 font definitions for OML/zplm.
)
LaTeX Font Info:    Trying to load font information for OMS+zplm on input line 
993.

(/usr/share/texlive/texmf-dist/tex/latex/psnfss/omszplm.fd
File: omszplm.fd 2002/09/08 Fontinst v1.914 font definitions for OMS/zplm.
)
LaTeX Font Info:    Trying to load font information for OMX+zplm on input line 
993.

(/usr/share/texlive/texmf-dist/tex/latex/psnfss/omxzplm.fd
File: omxzplm.fd 2002/09/08 Fontinst v1.914 font definitions for OMX/zplm.
)
LaTeX Font Info:    Font shape `U/msa/m/n' will be
(Font)              scaled to size 10.42007pt on input line 993.

(/usr/share/texlive/texmf-dist/tex/latex/microtype/mt-msa.cfg
File: mt-msa.cfg 2006/02/04 v1.1 microtype config. file: AMS symbols (a) (RS)
)
LaTeX Font Info:    Font shape `U/msa/m/n' will be
(Font)              scaled to size 7.91925pt on input line 993.
LaTeX Font Info:    Font shape `U/msa/m/n' will be
(Font)              scaled to size 6.25204pt on input line 993.
LaTeX Font Info:    Font shape `U/msb/m/n' will be
(Font)              scaled to size 10.42007pt on input line 993.

(/usr/share/texlive/texmf-dist/tex/latex/microtype/mt-msb.cfg
File: mt-msb.cfg 2005/06/01 v1.0 microtype config. file: AMS symbols (b) (RS)
)
LaTeX Font Info:    Font shape `U/msb/m/n' will be
(Font)              scaled to size 7.91925pt on input line 993.
LaTeX Font Info:    Font shape `U/msb/m/n' will be
(Font)              scaled to size 6.25204pt on input line 993.
LaTeX Font Info:    Trying to load font information for OT1+zplm on input line 
993.

(/usr/share/texlive/texmf-dist/tex/latex/psnfss/ot1zplm.fd
File: ot1zplm.fd 2002/09/08 Fontinst v1.914 font definitions for OT1/zplm.
)
<../src/assets/diagrams/image57.png, id=209, 385.44pt x 385.44pt>
File: ../src/assets/diagrams/image57.png Graphic file (type png)
<use ../src/assets/diagrams/image57.png>
Package pdftex.def Info: ../src/assets/diagrams/image57.png  used on input line
 998.
(pdftex.def)             Requested size: 102.62338pt x 102.62338pt.
 [32 <../dist/../src/assets/diagrams/image55.png (PNG copy)> <../dist/../src/as
sets/diagrams/image56.png (PNG copy)> <../dist/../src/assets/diagrams/image57.p
ng (PNG copy)>]
<../src/assets/diagrams/image58.png, id=215, 385.44pt x 385.44pt>
File: ../src/assets/diagrams/image58.png Graphic file (type png)
<use ../src/assets/diagrams/image58.png>
Package pdftex.def Info: ../src/assets/diagrams/image58.png  used on input line
 1027.
(pdftex.def)             Requested size: 102.62338pt x 102.62338pt.

[33 <../dist/../src/assets/diagrams/image58.png (PNG copy)>]
<../src/assets/diagrams/image59.png, id=220, 385.44pt x 385.44pt>
File: ../src/assets/diagrams/image59.png Graphic file (type png)
<use ../src/assets/diagrams/image59.png>
Package pdftex.def Info: ../src/assets/diagrams/image59.png  used on input line
 1062.
(pdftex.def)             Requested size: 102.62338pt x 102.62338pt.

Underfull \hbox (badness 6526) in paragraph at lines 1068--1069
[]\T1/ppl/m/n/10 (+20) Leonhardt--Nimzowitsch, San Se-bas-tian 1912
 []


Underfull \hbox (badness 1565) in paragraph at lines 1086--1089
[]\T1/ppl/b/n/10 (+20) 9.b3 d5 10.e5 \LSF/skaknew/b/n/10 N\T1/ppl/b/n/10 (+20) 
e8 11.f4 f5 \T1/ppl/m/n/10 (+20) la mi-nac-cia f4-f5
 []

<../src/assets/diagrams/image60.png, id=221, 385.44pt x 385.44pt>
File: ../src/assets/diagrams/image60.png Graphic file (type png)
<use ../src/assets/diagrams/image60.png>
Package pdftex.def Info: ../src/assets/diagrams/image60.png  used on input line
 1092.
(pdftex.def)             Requested size: 102.62338pt x 102.62338pt.

Underfull \hbox (badness 1097) in paragraph at lines 1109--1114
\T1/ppl/m/n/10 (+20) di oc-cu-pare la casa c5 č giusta ma il Bianco
 []

[34 <../dist/../src/assets/diagrams/image59.png (PNG copy)> <../dist/../src/ass
ets/diagrams/image60.png (PNG copy)>]
<../src/assets/diagrams/image61.png, id=226, 385.44pt x 385.44pt>
File: ../src/assets/diagrams/image61.png Graphic file (type png)
<use ../src/assets/diagrams/image61.png>
Package pdftex.def Info: ../src/assets/diagrams/image61.png  used on input line
 1129.
(pdftex.def)             Requested size: 102.62338pt x 102.62338pt.
<../src/assets/diagrams/image62.png, id=227, 385.44pt x 385.44pt>
File: ../src/assets/diagrams/image62.png Graphic file (type png)
<use ../src/assets/diagrams/image62.png>
Package pdftex.def Info: ../src/assets/diagrams/image62.png  used on input line
 1149.
(pdftex.def)             Requested size: 102.62338pt x 102.62338pt.
 [35 <../dist/../src/assets/diagrams/image61.png (PNG copy)> <../dist/../src/as
sets/diagrams/image62.png (PNG copy)>]
<../src/assets/diagrams/image63.png, id=232, 385.44pt x 385.44pt>
File: ../src/assets/diagrams/image63.png Graphic file (type png)
<use ../src/assets/diagrams/image63.png>
Package pdftex.def Info: ../src/assets/diagrams/image63.png  used on input line
 1168.
(pdftex.def)             Requested size: 102.62338pt x 102.62338pt.
<../src/assets/diagrams/image64.png, id=233, 385.44pt x 385.44pt>
File: ../src/assets/diagrams/image64.png Graphic file (type png)
<use ../src/assets/diagrams/image64.png>
Package pdftex.def Info: ../src/assets/diagrams/image64.png  used on input line
 1173.
(pdftex.def)             Requested size: 102.62338pt x 102.62338pt.
<../src/assets/diagrams/image65.png, id=234, 385.44pt x 385.44pt>
File: ../src/assets/diagrams/image65.png Graphic file (type png)
<use ../src/assets/diagrams/image65.png>
Package pdftex.def Info: ../src/assets/diagrams/image65.png  used on input line
 1178.
(pdftex.def)             Requested size: 102.62338pt x 102.62338pt.

Underfull \vbox (badness 5302) has occurred while \output is active []

 [36 <../dist/../src/assets/diagrams/image63.png (PNG copy)> <../dist/../src/as
sets/diagrams/image64.png (PNG copy)> <../dist/../src/assets/diagrams/image65.p
ng (PNG copy)>]
<../src/assets/diagrams/image66.png, id=239, 385.44pt x 385.44pt>
File: ../src/assets/diagrams/image66.png Graphic file (type png)
<use ../src/assets/diagrams/image66.png>
Package pdftex.def Info: ../src/assets/diagrams/image66.png  used on input line
 1218.
(pdftex.def)             Requested size: 102.62338pt x 102.62338pt.
<../src/assets/diagrams/image67.png, id=240, 385.44pt x 385.44pt>
File: ../src/assets/diagrams/image67.png Graphic file (type png)
<use ../src/assets/diagrams/image67.png>
Package pdftex.def Info: ../src/assets/diagrams/image67.png  used on input line
 1234.
(pdftex.def)             Requested size: 102.62338pt x 102.62338pt.
) (../dist/../src/appendices/appendice-capitolo-iii.tex
<../src/assets/diagrams/image68.png, id=241, 385.44pt x 385.44pt>
File: ../src/assets/diagrams/image68.png Graphic file (type png)
<use ../src/assets/diagrams/image68.png>
Package pdftex.def Info: ../src/assets/diagrams/image68.png  used on input line
 5.
(pdftex.def)             Requested size: 102.62338pt x 102.62338pt.
 [37 <../dist/../src/assets/diagrams/image66.png (PNG copy)> <../dist/../src/as
sets/diagrams/image67.png (PNG copy)> <../dist/../src/assets/diagrams/image68.p
ng (PNG copy)>]
Underfull \hbox (badness 4454) in paragraph at lines 41--46
[]\T1/ppl/m/n/10 (+20) Entrambi ave-vamo \T1/ppl/m/it/10 (+20) visto \T1/ppl/m/
n/10 (+20) con qualche mossa
 []


Underfull \vbox (badness 1377) has occurred while \output is active []

 [38]
<../src/assets/diagrams/image69.png, id=251, 385.44pt x 385.44pt>
File: ../src/assets/diagrams/image69.png Graphic file (type png)
<use ../src/assets/diagrams/image69.png>
Package pdftex.def Info: ../src/assets/diagrams/image69.png  used on input line
 115.
(pdftex.def)             Requested size: 102.62338pt x 102.62338pt.
LaTeX Font Info:    Font shape `U/msa/m/n' will be
(Font)              scaled to size 8.33606pt on input line 124.
LaTeX Font Info:    Font shape `U/msa/m/n' will be
(Font)              scaled to size 5.21004pt on input line 124.
LaTeX Font Info:    Font shape `U/msb/m/n' will be
(Font)              scaled to size 8.33606pt on input line 124.
LaTeX Font Info:    Font shape `U/msb/m/n' will be
(Font)              scaled to size 5.21004pt on input line 124.

[39 <../dist/../src/assets/diagrams/image69.png (PNG copy)>])
(../dist/../src/chapters/04-gli-avamposti.tex
<../src/assets/diagrams/image70.png, id=258, 385.44pt x 385.44pt>
File: ../src/assets/diagrams/image70.png Graphic file (type png)
<use ../src/assets/diagrams/image70.png>
Package pdftex.def Info: ../src/assets/diagrams/image70.png  used on input line
 21.
(pdftex.def)             Requested size: 102.62338pt x 102.62338pt.

Underfull \hbox (badness 2951) in paragraph at lines 36--42
[]\T1/ppl/m/n/10 (+20) -- in-fine d4, e4 e f4 sono case di sostegno.
 []

[40 <../dist/../src/assets/diagrams/image70.png>]
<../src/assets/diagrams/image71.png, id=264, 385.44pt x 385.44pt>
File: ../src/assets/diagrams/image71.png Graphic file (type png)
<use ../src/assets/diagrams/image71.png>
Package pdftex.def Info: ../src/assets/diagrams/image71.png  used on input line
 51.
(pdftex.def)             Requested size: 102.62338pt x 102.62338pt.
 [41 <../dist/../src/assets/diagrams/image71.png>]
<../src/assets/diagrams/image72.png, id=270, 385.44pt x 385.44pt>
File: ../src/assets/diagrams/image72.png Graphic file (type png)
<use ../src/assets/diagrams/image72.png>
Package pdftex.def Info: ../src/assets/diagrams/image72.png  used on input line
 100.
(pdftex.def)             Requested size: 102.62338pt x 102.62338pt.

Underfull \hbox (badness 1226) in paragraph at lines 131--133
[]\T1/ppl/m/n/10 (+20) Secondo le anal-isi di Suetin, pub-bli-cate dalla
 []

<../src/assets/diagrams/image73.png, id=271, 385.44pt x 385.44pt>
File: ../src/assets/diagrams/image73.png Graphic file (type png)
<use ../src/assets/diagrams/image73.png>
Package pdftex.def Info: ../src/assets/diagrams/image73.png  used on input line
 150.
(pdftex.def)             Requested size: 102.62338pt x 102.62338pt.

Underfull \vbox (badness 10000) has occurred while \output is active []

 [42 <../dist/../src/assets/diagrams/image72.png (PNG copy)>])
(../dist/../src/chapters/05-attacco-e-contrattacco.tex
<../src/assets/diagrams/image74.png, id=276, 385.44pt x 385.44pt>
File: ../src/assets/diagrams/image74.png Graphic file (type png)
<use ../src/assets/diagrams/image74.png>
Package pdftex.def Info: ../src/assets/diagrams/image74.png  used on input line
 30.
(pdftex.def)             Requested size: 102.62338pt x 102.62338pt.
<../src/assets/diagrams/image75.png, id=277, 385.44pt x 385.44pt>
File: ../src/assets/diagrams/image75.png Graphic file (type png)
<use ../src/assets/diagrams/image75.png>
Package pdftex.def Info: ../src/assets/diagrams/image75.png  used on input line
 41.
(pdftex.def)             Requested size: 102.62338pt x 102.62338pt.

Underfull \vbox (badness 10000) has occurred while \output is active []

 [43 <../dist/../src/assets/diagrams/image73.png (PNG copy)> <../dist/../src/as
sets/diagrams/image74.png>]
<../src/assets/diagrams/image76.png, id=284, 385.44pt x 385.44pt>
File: ../src/assets/diagrams/image76.png Graphic file (type png)
<use ../src/assets/diagrams/image76.png>
Package pdftex.def Info: ../src/assets/diagrams/image76.png  used on input line
 71.
(pdftex.def)             Requested size: 102.62338pt x 102.62338pt.
 [44 <../dist/../src/assets/diagrams/image75.png> <../dist/../src/assets/diagra
ms/image76.png (PNG copy)>]
<../src/assets/diagrams/image77.png, id=290, 385.44pt x 385.44pt>
File: ../src/assets/diagrams/image77.png Graphic file (type png)
<use ../src/assets/diagrams/image77.png>
Package pdftex.def Info: ../src/assets/diagrams/image77.png  used on input line
 101.
(pdftex.def)             Requested size: 102.62338pt x 102.62338pt.
<../src/assets/diagrams/image78.png, id=291, 385.44pt x 385.44pt>
File: ../src/assets/diagrams/image78.png Graphic file (type png)
<use ../src/assets/diagrams/image78.png>
Package pdftex.def Info: ../src/assets/diagrams/image78.png  used on input line
 148.
(pdftex.def)             Requested size: 102.62338pt x 102.62338pt.

Underfull \vbox (badness 10000) has occurred while \output is active []

 [45 <../dist/../src/assets/diagrams/image77.png (PNG copy)>]
Underfull \hbox (badness 5345) in paragraph at lines 207--210
\T1/ppl/m/n/10 (+20) con la pre-matura spinta in e4 č des-ti-nato
 []

[46 <../dist/../src/assets/diagrams/image78.png (PNG copy)>]
<../src/assets/diagrams/image79.png, id=300, 385.44pt x 385.44pt>
File: ../src/assets/diagrams/image79.png Graphic file (type png)
<use ../src/assets/diagrams/image79.png>
Package pdftex.def Info: ../src/assets/diagrams/image79.png  used on input line
 236.
(pdftex.def)             Requested size: 102.62338pt x 102.62338pt.

Underfull \vbox (badness 10000) has occurred while \output is active []

<../src/assets/diagrams/image80.png, id=301, 385.44pt x 385.44pt>
File: ../src/assets/diagrams/image80.png Graphic file (type png)
<use ../src/assets/diagrams/image80.png>
Package pdftex.def Info: ../src/assets/diagrams/image80.png  used on input line
 261.
(pdftex.def)             Requested size: 102.62338pt x 102.62338pt.

Underfull \vbox (badness 4036) has occurred while \output is active []

 [47 <../dist/../src/assets/diagrams/image79.png (PNG copy)>]
<../src/assets/diagrams/image81.png, id=306, 385.44pt x 385.44pt>
File: ../src/assets/diagrams/image81.png Graphic file (type png)
<use ../src/assets/diagrams/image81.png>
Package pdftex.def Info: ../src/assets/diagrams/image81.png  used on input line
 273.
(pdftex.def)             Requested size: 102.62338pt x 102.62338pt.
<../src/assets/diagrams/image82.png, id=307, 385.44pt x 385.44pt>
File: ../src/assets/diagrams/image82.png Graphic file (type png)
<use ../src/assets/diagrams/image82.png>
Package pdftex.def Info: ../src/assets/diagrams/image82.png  used on input line
 290.
(pdftex.def)             Requested size: 102.62338pt x 102.62338pt.
<../src/assets/diagrams/image83.png, id=308, 385.44pt x 385.44pt>
File: ../src/assets/diagrams/image83.png Graphic file (type png)
<use ../src/assets/diagrams/image83.png>
Package pdftex.def Info: ../src/assets/diagrams/image83.png  used on input line
 292.
(pdftex.def)             Requested size: 102.62338pt x 102.62338pt.
 [48 <../dist/../src/assets/diagrams/image80.png (PNG copy)> <../dist/../src/as
sets/diagrams/image81.png> <../dist/../src/assets/diagrams/image82.png (PNG cop
y)> <../dist/../src/assets/diagrams/image83.png>]
<../src/assets/diagrams/image84.png, id=315, 385.44pt x 385.44pt>
File: ../src/assets/diagrams/image84.png Graphic file (type png)
<use ../src/assets/diagrams/image84.png>
Package pdftex.def Info: ../src/assets/diagrams/image84.png  used on input line
 312.
(pdftex.def)             Requested size: 102.62338pt x 102.62338pt.
<../src/assets/diagrams/image85.png, id=316, 321.2pt x 321.2pt>
File: ../src/assets/diagrams/image85.png Graphic file (type png)
<use ../src/assets/diagrams/image85.png>
Package pdftex.def Info: ../src/assets/diagrams/image85.png  used on input line
 359.
(pdftex.def)             Requested size: 102.62436pt x 102.62436pt.

Underfull \vbox (badness 10000) has occurred while \output is active []

 [49 <../dist/../src/assets/diagrams/image84.png (PNG copy)>]
<../src/assets/diagrams/image86.png, id=322, 321.2pt x 321.2pt>
File: ../src/assets/diagrams/image86.png Graphic file (type png)
<use ../src/assets/diagrams/image86.png>
Package pdftex.def Info: ../src/assets/diagrams/image86.png  used on input line
 394.
(pdftex.def)             Requested size: 102.62436pt x 102.62436pt.
 [50 <../dist/../src/assets/diagrams/image85.png (PNG copy)> <../dist/../src/as
sets/diagrams/image86.png (PNG copy)>] [51]
Underfull \hbox (badness 1635) in paragraph at lines 498--500
[]\T1/ppl/m/n/10 (+20) Corvi--Leoncini, S. Benedetto del Tronto 1988
 []


Underfull \hbox (badness 10000) in paragraph at lines 524--528
[]\T1/ppl/b/n/10 (+20) 7... \LSF/skaknew/b/n/10 Q\T1/ppl/b/n/10 (+20) xd1+ 8.\L
SF/skaknew/b/n/10 K\T1/ppl/b/n/10 (+20) xd1 \LSF/skaknew/b/n/10 B\T1/ppl/b/n/10
 (+20) g4 \T1/ppl/m/n/10 (+20) ri-cordo an-cora
 []


Underfull \hbox (badness 10000) in paragraph at lines 524--528
\T1/ppl/m/n/10 (+20) l'espressione dis-gus-tata del mio avver-sario.
 []


Underfull \hbox (badness 1107) in paragraph at lines 539--543
\T1/ppl/m/n/10 (+20) difende in-di-ret-ta-mente il Pf2. A 10... \LSF/skaknew/m/
it/10 B\T1/ppl/m/n/10 (+20) xf2
 []

[52]
<../src/assets/diagrams/image87.png, id=335, 321.2pt x 321.2pt>
File: ../src/assets/diagrams/image87.png Graphic file (type png)
<use ../src/assets/diagrams/image87.png>
Package pdftex.def Info: ../src/assets/diagrams/image87.png  used on input line
 559.
(pdftex.def)             Requested size: 102.62436pt x 102.62436pt.
<../src/assets/diagrams/image88.png, id=336, 321.2pt x 321.2pt>
File: ../src/assets/diagrams/image88.png Graphic file (type png)
<use ../src/assets/diagrams/image88.png>
Package pdftex.def Info: ../src/assets/diagrams/image88.png  used on input line
 570.
(pdftex.def)             Requested size: 102.62436pt x 102.62436pt.
) (../dist/../src/chapters/06-la-colonna-aperta.tex [53 <../dist/../src/assets/
diagrams/image87.png (PNG copy)> <../dist/../src/assets/diagrams/image88.png (P
NG copy)>]
<../src/assets/diagrams/image89.png, id=341, 321.2pt x 321.2pt>
File: ../src/assets/diagrams/image89.png Graphic file (type png)
<use ../src/assets/diagrams/image89.png>
Package pdftex.def Info: ../src/assets/diagrams/image89.png  used on input line
 22.
(pdftex.def)             Requested size: 102.62436pt x 102.62436pt.
<../src/assets/diagrams/image90.png, id=342, 321.2pt x 321.2pt>
File: ../src/assets/diagrams/image90.png Graphic file (type png)
<use ../src/assets/diagrams/image90.png>
Package pdftex.def Info: ../src/assets/diagrams/image90.png  used on input line
 73.
(pdftex.def)             Requested size: 102.62436pt x 102.62436pt.
 [54 <../dist/../src/assets/diagrams/image89.png (PNG copy)> <../dist/../src/as
sets/diagrams/image90.png (PNG copy)>]
<../src/assets/diagrams/image91.png, id=347, 321.2pt x 321.2pt>
File: ../src/assets/diagrams/image91.png Graphic file (type png)
<use ../src/assets/diagrams/image91.png>
Package pdftex.def Info: ../src/assets/diagrams/image91.png  used on input line
 136.
(pdftex.def)             Requested size: 102.62436pt x 102.62436pt.

Underfull \vbox (badness 10000) has occurred while \output is active []

 [55]
[56 <../dist/../src/assets/diagrams/image91.png (PNG copy)>]
<../src/assets/diagrams/image92.png, id=357, 321.2pt x 321.2pt>
File: ../src/assets/diagrams/image92.png Graphic file (type png)
<use ../src/assets/diagrams/image92.png>
Package pdftex.def Info: ../src/assets/diagrams/image92.png  used on input line
 218.
(pdftex.def)             Requested size: 102.62436pt x 102.62436pt.
<../src/assets/diagrams/image93.png, id=358, 321.2pt x 321.2pt>
File: ../src/assets/diagrams/image93.png Graphic file (type png)
<use ../src/assets/diagrams/image93.png>
Package pdftex.def Info: ../src/assets/diagrams/image93.png  used on input line
 240.
(pdftex.def)             Requested size: 102.62436pt x 102.62436pt.
 [57 <../dist/../src/assets/diagrams/image92.png (PNG copy)> <../dist/../src/as
sets/diagrams/image93.png>]) (../dist/../src/chapters/07-gli-alfieri.tex
Underfull \hbox (badness 6300) in paragraph at lines 39--40
[]\T1/ppl/b/n/10 (+20) 10.\LSF/skaknew/b/n/10 B\T1/ppl/b/n/10 (+20) xc6 exd4 11
.\LSF/skaknew/b/n/10 B\T1/ppl/b/n/10 (+20) xb7 \LSF/skaknew/b/n/10 B\T1/ppl/b/n
/10 (+20) xb7 12.\LSF/skaknew/b/n/10 N\T1/ppl/b/n/10 (+20) xd4 \LSF/skaknew/b/n
/10 Q\T1/ppl/b/n/10 (+20) d7
 []

<../src/assets/diagrams/image94.png, id=364, 321.2pt x 321.2pt>
File: ../src/assets/diagrams/image94.png Graphic file (type png)
<use ../src/assets/diagrams/image94.png>
Package pdftex.def Info: ../src/assets/diagrams/image94.png  used on input line
 41.
(pdftex.def)             Requested size: 102.62436pt x 102.62436pt.
[58 <../dist/../src/assets/diagrams/image94.png (PNG copy)>]
<../src/assets/diagrams/image95.png, id=369, 321.2pt x 321.2pt>
File: ../src/assets/diagrams/image95.png Graphic file (type png)
<use ../src/assets/diagrams/image95.png>
Package pdftex.def Info: ../src/assets/diagrams/image95.png  used on input line
 100.
(pdftex.def)             Requested size: 102.62436pt x 102.62436pt.
 [59 <../dist/../src/assets/diagrams/image95.png (PNG copy)>]
<../src/assets/diagrams/image96.png, id=374, 321.2pt x 321.2pt>
File: ../src/assets/diagrams/image96.png Graphic file (type png)
<use ../src/assets/diagrams/image96.png>
Package pdftex.def Info: ../src/assets/diagrams/image96.png  used on input line
 136.
(pdftex.def)             Requested size: 102.62436pt x 102.62436pt.

Underfull \hbox (badness 1701) in paragraph at lines 138--140
[]\T1/ppl/m/n/10 (+20) Provocando una po-sizione di zugzwang: co-
 []

<../src/assets/diagrams/image97.png, id=375, 385.44pt x 385.44pt>
File: ../src/assets/diagrams/image97.png Graphic file (type png)
<use ../src/assets/diagrams/image97.png>
Package pdftex.def Info: ../src/assets/diagrams/image97.png  used on input line
 149.
(pdftex.def)             Requested size: 102.62338pt x 102.62338pt.

Underfull \hbox (badness 3148) in paragraph at lines 157--161
[]\T1/ppl/m/n/10 (+20) Si con-sid-eri che se la mossa fosse al Nero
 []

[60 <../dist/../src/assets/diagrams/image96.png (PNG copy)> <../dist/../src/ass
ets/diagrams/image97.png (PNG copy)>]
<../src/assets/diagrams/image98.png, id=380, 321.2pt x 321.2pt>
File: ../src/assets/diagrams/image98.png Graphic file (type png)
<use ../src/assets/diagrams/image98.png>
Package pdftex.def Info: ../src/assets/diagrams/image98.png  used on input line
 226.
(pdftex.def)             Requested size: 102.62436pt x 102.62436pt.

Underfull \vbox (badness 10000) has occurred while \output is active []

 [61]
Underfull \hbox (badness 2818) in paragraph at lines 240--244
[]\T1/ppl/m/n/10 (+20) Rifugiarsi negli Al-fieri di col-ore con-trario č,
 []

<../src/assets/diagrams/image99.png, id=386, 321.2pt x 321.2pt>
File: ../src/assets/diagrams/image99.png Graphic file (type png)
<use ../src/assets/diagrams/image99.png>
Package pdftex.def Info: ../src/assets/diagrams/image99.png  used on input line
 245.
(pdftex.def)             Requested size: 102.62436pt x 102.62436pt.
[62 <../dist/../src/assets/diagrams/image98.png (PNG copy)> <../dist/../src/ass
ets/diagrams/image99.png (PNG copy)>]
Underfull \hbox (badness 6641) in paragraph at lines 284--285
[]\T1/ppl/b/n/10 (+20) 41.\LSF/skaknew/b/n/10 B\T1/ppl/b/n/10 (+20) c5+ \T1/ppl
/m/n/10 (+20) per guadagnare un po' di tempo
 []

<../src/assets/diagrams/image100.png, id=391, 321.2pt x 321.2pt>
File: ../src/assets/diagrams/image100.png Graphic file (type png)
<use ../src/assets/diagrams/image100.png>
Package pdftex.def Info: ../src/assets/diagrams/image100.png  used on input lin
e 324.
(pdftex.def)             Requested size: 102.62436pt x 102.62436pt.
[63 <../dist/../src/assets/diagrams/image100.png (PNG copy)>]
<../src/assets/diagrams/image101.png, id=396, 385.44pt x 385.44pt>
File: ../src/assets/diagrams/image101.png Graphic file (type png)
<use ../src/assets/diagrams/image101.png>
Package pdftex.def Info: ../src/assets/diagrams/image101.png  used on input lin
e 397.
(pdftex.def)             Requested size: 102.62338pt x 102.62338pt.
 [64 <../dist/../src/assets/diagrams/image101.png (PNG copy)>])
(../dist/../src/chapters/08-il-sacrificio-posizionale.tex
<../src/assets/diagrams/image102.png, id=401, 385.44pt x 385.44pt>
File: ../src/assets/diagrams/image102.png Graphic file (type png)
<use ../src/assets/diagrams/image102.png>
Package pdftex.def Info: ../src/assets/diagrams/image102.png  used on input lin
e 47.
(pdftex.def)             Requested size: 102.62338pt x 102.62338pt.
 [65 <../dist/../src/assets/diagrams/image102.png (PNG copy)>]
LaTeX Font Info:    Trying to load font information for TS1+ppl on input line 6
4.

(/usr/share/texlive/texmf-dist/tex/latex/psnfss/ts1ppl.fd
File: ts1ppl.fd 2001/06/04 font definitions for TS1/ppl.
) [66]
<../src/assets/diagrams/image103.png, id=411, 385.44pt x 385.44pt>
File: ../src/assets/diagrams/image103.png Graphic file (type png)
<use ../src/assets/diagrams/image103.png>
Package pdftex.def Info: ../src/assets/diagrams/image103.png  used on input lin
e 170.
(pdftex.def)             Requested size: 102.62338pt x 102.62338pt.

Overfull \hbox (1.13594pt too wide) in paragraph at lines 172--175
[]\T1/ppl/m/it/10 (-20) ``Audace'' \T1/ppl/m/n/10 (-20) --- commenta Marinelli 
su \T1/ppl/m/it/10 (-20) Torre & Cavallo \T1/ppl/m/n/10 (-20) ---
 []

[67 <../dist/../src/assets/diagrams/image103.png (PNG copy)>]
<../src/assets/diagrams/image104.png, id=417, 385.44pt x 385.44pt>
File: ../src/assets/diagrams/image104.png Graphic file (type png)
<use ../src/assets/diagrams/image104.png>
Package pdftex.def Info: ../src/assets/diagrams/image104.png  used on input lin
e 248.
(pdftex.def)             Requested size: 102.62338pt x 102.62338pt.

Underfull \vbox (badness 1308) has occurred while \output is active []

 [68]
[69 <../dist/../src/assets/diagrams/image104.png (PNG copy)>]
Underfull \hbox (badness 1675) in paragraph at lines 308--311
[]\T1/ppl/b/n/10 (+20) 1.\LSF/skaknew/b/n/10 N\T1/ppl/b/n/10 (+20) f3 \LSF/skak
new/b/n/10 N\T1/ppl/b/n/10 (+20) f6 2.g3 g6 3.c4 \LSF/skaknew/b/n/10 B\T1/ppl/b
/n/10 (+20) g7 4.\LSF/skaknew/b/n/10 B\T1/ppl/b/n/10 (+20) g2 0-0 5.0-0
 []

<../src/assets/diagrams/image105.png, id=426, 385.44pt x 385.44pt>
File: ../src/assets/diagrams/image105.png Graphic file (type png)
<use ../src/assets/diagrams/image105.png>
Package pdftex.def Info: ../src/assets/diagrams/image105.png  used on input lin
e 333.
(pdftex.def)             Requested size: 102.62338pt x 102.62338pt.

Underfull \hbox (badness 1092) in paragraph at lines 352--353
[]\T1/ppl/b/n/10 (+20) 26.\LSF/skaknew/b/n/10 N\T1/ppl/b/n/10 (+20) e4 \T1/ppl/
m/n/10 (+20) il Nero si difende dopo 26.\LSF/skaknew/m/it/10 N\T1/ppl/m/n/10 (+
20) f5 \LSF/skaknew/m/it/10 Q\T1/ppl/m/n/10 (+20) g5+
 []

<../src/assets/diagrams/image106.png, id=427, 385.44pt x 385.44pt>
File: ../src/assets/diagrams/image106.png Graphic file (type png)
<use ../src/assets/diagrams/image106.png>
Package pdftex.def Info: ../src/assets/diagrams/image106.png  used on input lin
e 359.
(pdftex.def)             Requested size: 102.62338pt x 102.62338pt.
) [70 <../dist/../src/assets/diagrams/image105.png (PNG copy)> <../dist/../src/
assets/diagrams/image106.png (PNG copy)>]
(../dist/../src/chapters/09-pezzi-fuori-gioco.tex
<../src/assets/diagrams/image107.png, id=432, 385.44pt x 385.44pt>
File: ../src/assets/diagrams/image107.png Graphic file (type png)
<use ../src/assets/diagrams/image107.png>
Package pdftex.def Info: ../src/assets/diagrams/image107.png  used on input lin
e 51.
(pdftex.def)             Requested size: 102.62338pt x 102.62338pt.
 [71 <../dist/../src/assets/diagrams/image107.png (PNG copy)>] [72]
<../src/assets/diagrams/image108.png, id=441, 385.44pt x 385.44pt>
File: ../src/assets/diagrams/image108.png Graphic file (type png)
<use ../src/assets/diagrams/image108.png>
Package pdftex.def Info: ../src/assets/diagrams/image108.png  used on input lin
e 126.
(pdftex.def)             Requested size: 102.62338pt x 102.62338pt.
<../src/assets/diagrams/image109.png, id=442, 385.44pt x 385.44pt>
File: ../src/assets/diagrams/image109.png Graphic file (type png)
<use ../src/assets/diagrams/image109.png>
Package pdftex.def Info: ../src/assets/diagrams/image109.png  used on input lin
e 178.
(pdftex.def)             Requested size: 102.62338pt x 102.62338pt.
 [73 <../dist/../src/assets/diagrams/image108.png (PNG copy)>]
<../src/assets/diagrams/image110.png, id=448, 385.44pt x 385.44pt>
File: ../src/assets/diagrams/image110.png Graphic file (type png)
<use ../src/assets/diagrams/image110.png>
Package pdftex.def Info: ../src/assets/diagrams/image110.png  used on input lin
e 188.
(pdftex.def)             Requested size: 102.62338pt x 102.62338pt.
<../src/assets/diagrams/image111.png, id=449, 385.44pt x 385.44pt>
File: ../src/assets/diagrams/image111.png Graphic file (type png)
<use ../src/assets/diagrams/image111.png>
Package pdftex.def Info: ../src/assets/diagrams/image111.png  used on input lin
e 213.
(pdftex.def)             Requested size: 102.62338pt x 102.62338pt.
) (../dist/../src/chapters/10-altri-aspetti.tex
Underfull \hbox (badness 10000) in paragraph at lines 7--14
[]\T1/ppl/m/n/10 (+20) ``Io gioco con-tro la po-sizione, non con-tro
 []


Underfull \hbox (badness 3199) in paragraph at lines 7--14
\T1/ppl/m/n/10 (+20) l'avversario'' si sente dire sovente in quella
 []

[74 <../dist/../src/assets/diagrams/image109.png (PNG copy)> <../dist/../src/as
sets/diagrams/image110.png (PNG copy)> <../dist/../src/assets/diagrams/image111
.png (PNG copy)>]
Underfull \hbox (badness 2119) in paragraph at lines 15--19
\T1/ppl/m/n/10 (+20) teo-ria e che sap-pi-amo es-sere ben conosci-uta
 []


Underfull \hbox (badness 2486) in paragraph at lines 20--29
[]\T1/ppl/m/n/10 (+20) Nella dodices-ima par-tita del cam-pi-onato del
 []


Underfull \hbox (badness 1147) in paragraph at lines 30--36
\T1/ppl/m/n/10 (+20) chi fu Emanuel Lasker, cam-pi-one del mondo
 []


Underfull \hbox (badness 2134) in paragraph at lines 30--36
\T1/ppl/m/n/10 (+20) dal 1894 al 1921. Egli giocň es-plici-ta-mente
 []


Underfull \vbox (badness 2435) has occurred while \output is active []

 [75]
<../src/assets/diagrams/image112.png, id=458, 385.44pt x 385.44pt>
File: ../src/assets/diagrams/image112.png Graphic file (type png)
<use ../src/assets/diagrams/image112.png>
Package pdftex.def Info: ../src/assets/diagrams/image112.png  used on input lin
e 127.
(pdftex.def)             Requested size: 102.62338pt x 102.62338pt.

[76]
Underfull \hbox (badness 2005) in paragraph at lines 168--172
\T1/ppl/m/n/10 (+20) 16.\LSF/skaknew/m/it/10 Q\T1/ppl/m/n/10 (+20) xf7 \LSF/ska
knew/m/it/10 B\T1/ppl/m/n/10 (+20) e7 17.\LSF/skaknew/m/it/10 Q\T1/ppl/m/n/10 (
+20) xf3 \LSF/skaknew/m/it/10 Q\T1/ppl/m/n/10 (+20) xf5 18.exf5. In una
 []

[77 <../dist/../src/assets/diagrams/image112.png (PNG copy)>]
<../src/assets/diagrams/image113.png, id=467, 385.44pt x 385.44pt>
File: ../src/assets/diagrams/image113.png Graphic file (type png)
<use ../src/assets/diagrams/image113.png>
Package pdftex.def Info: ../src/assets/diagrams/image113.png  used on input lin
e 188.
(pdftex.def)             Requested size: 102.62338pt x 102.62338pt.
 [78 <../dist/../src/assets/diagrams/image113.png (PNG copy)>]
Underfull \hbox (badness 3668) in paragraph at lines 256--260
[]\T1/ppl/b/n/10 (+20) 3.g3 \LSF/skaknew/b/n/10 B\T1/ppl/b/n/10 (+20) g7 4.\LSF
/skaknew/b/n/10 B\T1/ppl/b/n/10 (+20) g2 c5 \T1/ppl/m/n/10 (+20) Kas-parov: \T1
/ppl/m/it/10 (+20) ``Il fi-anchetto
 []

<../src/assets/diagrams/image114.png, id=472, 385.44pt x 385.44pt>
File: ../src/assets/diagrams/image114.png Graphic file (type png)
<use ../src/assets/diagrams/image114.png>
Package pdftex.def Info: ../src/assets/diagrams/image114.png  used on input lin
e 272.
(pdftex.def)             Requested size: 102.62338pt x 102.62338pt.

Underfull \vbox (badness 10000) has occurred while \output is active []


Underfull \hbox (badness 1122) in paragraph at lines 298--303
\LSF/skaknew/m/it/10 N\T1/ppl/m/n/10 (+20) f3 31.\LSF/skaknew/m/it/10 Q\T1/ppl/
m/n/10 (+20) e2 ch4+ 32.\LSF/skaknew/m/it/10 K\T1/ppl/m/n/10 (+20) g1 \LSF/skak
new/m/it/10 Q\T1/ppl/m/n/10 (+20) xc3 33.\LSF/skaknew/m/it/10 Q\T1/ppl/m/n/10 (
+20) e6+ \LSF/skaknew/m/it/10 K\T1/ppl/m/n/10 (+20) h8
 []

[79 <../dist/../src/assets/diagrams/image114.png (PNG copy)>]
Underfull \hbox (badness 2980) in paragraph at lines 316--321
[]\T1/ppl/m/n/10 (+20) Ci sono gio-ca-tori che fanno di ogni par-tita
 []

[80]
Underfull \hbox (badness 10000) in paragraph at lines 381--384
[]\T1/ppl/b/n/10 (+20) 26.\LSF/skaknew/b/n/10 Q\T1/ppl/b/n/10 (+20) a7 \T1/ppl/
m/n/10 (+20) il Bianco mantiene il con-trollo
 []


Underfull \hbox (badness 3078) in paragraph at lines 381--384
\T1/ppl/m/n/10 (+20) dell'importante di-ag-o-nale a7-g1 e in-oltre, in
 []

<../src/assets/diagrams/image115.png, id=482, 385.44pt x 385.44pt>
File: ../src/assets/diagrams/image115.png Graphic file (type png)
<use ../src/assets/diagrams/image115.png>
Package pdftex.def Info: ../src/assets/diagrams/image115.png  used on input lin
e 398.
(pdftex.def)             Requested size: 102.62338pt x 102.62338pt.

Underfull \vbox (badness 1960) has occurred while \output is active []

 [81 <../dist/../src/assets/diagrams/image115.png (PNG copy)>]
<../src/assets/diagrams/image116.png, id=487, 321.2pt x 321.2pt>
File: ../src/assets/diagrams/image116.png Graphic file (type png)
<use ../src/assets/diagrams/image116.png>
Package pdftex.def Info: ../src/assets/diagrams/image116.png  used on input lin
e 479.
(pdftex.def)             Requested size: 102.62436pt x 102.62436pt.
 [82 <../dist/../src/assets/diagrams/image116.png (PNG copy)>] [83] [84

] [85


] [86])
(../dist/../src/appendices/appendice-2015.tex
Underfull \vbox (badness 10000) has occurred while \output is active []

 [87



]
<../src/assets/appendix/media/image1.png, id=544, 144.54pt x 144.54pt>
File: ../src/assets/appendix/media/image1.png Graphic file (type png)
<use ../src/assets/appendix/media/image1.png>
Package pdftex.def Info: ../src/assets/appendix/media/image1.png  used on input
 line 64.
(pdftex.def)             Requested size: 144.54623pt x 144.54623pt.
<../src/assets/appendix/media/image2.png, id=545, 144.54pt x 144.54pt>
File: ../src/assets/appendix/media/image2.png Graphic file (type png)
<use ../src/assets/appendix/media/image2.png>
Package pdftex.def Info: ../src/assets/appendix/media/image2.png  used on input
 line 106.
(pdftex.def)             Requested size: 144.54623pt x 144.54623pt.

Underfull \vbox (badness 10000) has occurred while \output is active []

 [88 <../dist/../src/assets/appendix/media/image1.png>]) [89

 <../dist/../src/assets/appendix/media/image2.png>]
(../dist/elementi-di-strategia-negli-scacchi-moderni-nuova-edizione.aux)
 ***********
LaTeX2e <2023-11-01> patch level 1
L3 programming layer <2024-01-22>
 ***********


LaTeX Font Warning: Some font shapes were not available, defaults substituted.

 ) 
Here is how much of TeX's memory you used:
 29374 strings out of 476182
 556706 string characters out of 5795595
 1941975 words of memory out of 5000000
 50286 multiletter control sequences out of 15000+600000
 601641 words of font info for 372 fonts, out of 8000000 for 9000
 14 hyphenation exceptions out of 8191
 131i,8n,135p,1055b,562s stack positions out of 10000i,1000n,20000p,200000b,200000s
</usr/share/texlive/texmf-dist/fonts/type1/public/skaknew/SkakNew-Figurine.pf
b></usr/share/texlive/texmf-dist/fonts/type1/public/skaknew/SkakNew-FigurineBol
d.pfb></usr/share/texlive/texmf-dist/fonts/type1/urw/palatino/uplb8a.pfb></usr/
share/texlive/texmf-dist/fonts/type1/urw/palatino/uplr8a.pfb></usr/share/texliv
e/texmf-dist/fonts/type1/urw/palatino/uplri8a.pfb>
Output written on ../dist/elementi-di-strategia-negli-scacchi-moderni-nuova-edi
zione.pdf (89 pages, 757836 bytes).
PDF statistics:
 609 PDF objects out of 1000 (max. 8388607)
 372 compressed objects within 4 object streams
 126 named destinations out of 1000 (max. 500000)
 49755 words of extra memory for PDF output out of 51595 (max. 10000000)

